[0.012s] Invoking command in '/home/victus/apriltag_ws/build/apriltag_msgs': CMAKE_PREFIX_PATH=${CMAKE_PREFIX_PATH}:/home/victus/apriltag_ws/install/apriltag_navigation:/opt/ros/jazzy /usr/bin/cmake --build /home/victus/apriltag_ws/build/apriltag_msgs -- -j12 -l12
[0.063s] [  2%] Built target apriltag_msgs__rosidl_generator_type_description
[0.073s] [  2%] Built target ament_cmake_python_copy_apriltag_msgs
[0.084s] [  4%] Built target apriltag_msgs__cpp
[0.085s] [ 22%] Built target apriltag_msgs__rosidl_generator_c
[0.112s] [ 59%] Built target apriltag_msgs__rosidl_typesupport_c
[0.112s] [ 63%] Built target apriltag_msgs__rosidl_typesupport_fastrtps_c
[0.112s] [ 63%] Built target apriltag_msgs__rosidl_typesupport_cpp
[0.112s] [ 63%] Built target apriltag_msgs__rosidl_typesupport_fastrtps_cpp
[0.112s] [ 68%] Built target apriltag_msgs__rosidl_typesupport_introspection_c
[0.115s] [ 77%] Built target apriltag_msgs__rosidl_typesupport_introspection_cpp
[0.137s] [ 77%] Built target apriltag_msgs
[0.159s] [ 79%] Built target apriltag_msgs__py
[0.182s] [ 86%] Built target apriltag_msgs__rosidl_generator_py
[0.207s] [100%] Built target apriltag_msgs_s__rosidl_typesupport_introspection_c
[0.207s] [100%] Built target apriltag_msgs_s__rosidl_typesupport_fastrtps_c
[0.207s] [100%] Built target apriltag_msgs_s__rosidl_typesupport_c
[0.281s] running egg_info
[0.299s] writing apriltag_msgs.egg-info/PKG-INFO
[0.300s] writing dependency_links to apriltag_msgs.egg-info/dependency_links.txt
[0.300s] writing top-level names to apriltag_msgs.egg-info/top_level.txt
[0.354s] reading manifest file 'apriltag_msgs.egg-info/SOURCES.txt'
[0.354s] writing manifest file 'apriltag_msgs.egg-info/SOURCES.txt'
[0.380s] [100%] Built target ament_cmake_python_build_apriltag_msgs_egg
[0.392s] Invoked command in '/home/victus/apriltag_ws/build/apriltag_msgs' returned '0': CMAKE_PREFIX_PATH=${CMAKE_PREFIX_PATH}:/home/victus/apriltag_ws/install/apriltag_navigation:/opt/ros/jazzy /usr/bin/cmake --build /home/victus/apriltag_ws/build/apriltag_msgs -- -j12 -l12
[0.402s] Invoking command in '/home/victus/apriltag_ws/build/apriltag_msgs': CMAKE_PREFIX_PATH=${CMAKE_PREFIX_PATH}:/home/victus/apriltag_ws/install/apriltag_navigation:/opt/ros/jazzy /usr/bin/cmake --install /home/victus/apriltag_ws/build/apriltag_msgs
[0.411s] -- Install configuration: ""
[0.411s] -- Up-to-date: /home/victus/apriltag_ws/install/apriltag_msgs/share/ament_index/resource_index/rosidl_interfaces/apriltag_msgs
[0.411s] -- Up-to-date: /home/victus/apriltag_ws/install/apriltag_msgs/share/apriltag_msgs/msg/AprilTagDetectionArray.json
[0.411s] -- Up-to-date: /home/victus/apriltag_ws/install/apriltag_msgs/share/apriltag_msgs/msg/AprilTagDetection.json
[0.412s] -- Up-to-date: /home/victus/apriltag_ws/install/apriltag_msgs/include/apriltag_msgs/apriltag_msgs
[0.412s] -- Up-to-date: /home/victus/apriltag_ws/install/apriltag_msgs/include/apriltag_msgs/apriltag_msgs/msg
[0.412s] -- Up-to-date: /home/victus/apriltag_ws/install/apriltag_msgs/include/apriltag_msgs/apriltag_msgs/msg/detail
[0.412s] -- Up-to-date: /home/victus/apriltag_ws/install/apriltag_msgs/include/apriltag_msgs/apriltag_msgs/msg/detail/april_tag_detection_array__functions.h
[0.412s] -- Up-to-date: /home/victus/apriltag_ws/install/apriltag_msgs/include/apriltag_msgs/apriltag_msgs/msg/detail/april_tag_detection__type_support.h
[0.412s] -- Up-to-date: /home/victus/apriltag_ws/install/apriltag_msgs/include/apriltag_msgs/apriltag_msgs/msg/detail/april_tag_detection__type_support.c
[0.412s] -- Up-to-date: /home/victus/apriltag_ws/install/apriltag_msgs/include/apriltag_msgs/apriltag_msgs/msg/detail/april_tag_detection__struct.h
[0.412s] -- Up-to-date: /home/victus/apriltag_ws/install/apriltag_msgs/include/apriltag_msgs/apriltag_msgs/msg/detail/april_tag_detection_array__type_support.c
[0.412s] -- Up-to-date: /home/victus/apriltag_ws/install/apriltag_msgs/include/apriltag_msgs/apriltag_msgs/msg/detail/april_tag_detection_array__type_support.h
[0.412s] -- Up-to-date: /home/victus/apriltag_ws/install/apriltag_msgs/include/apriltag_msgs/apriltag_msgs/msg/detail/april_tag_detection__description.c
[0.413s] -- Up-to-date: /home/victus/apriltag_ws/install/apriltag_msgs/include/apriltag_msgs/apriltag_msgs/msg/detail/april_tag_detection_array__struct.h
[0.413s] -- Up-to-date: /home/victus/apriltag_ws/install/apriltag_msgs/include/apriltag_msgs/apriltag_msgs/msg/detail/april_tag_detection__functions.h
[0.413s] -- Up-to-date: /home/victus/apriltag_ws/install/apriltag_msgs/include/apriltag_msgs/apriltag_msgs/msg/detail/april_tag_detection_array__description.c
[0.413s] -- Up-to-date: /home/victus/apriltag_ws/install/apriltag_msgs/include/apriltag_msgs/apriltag_msgs/msg/detail/april_tag_detection__functions.c
[0.413s] -- Up-to-date: /home/victus/apriltag_ws/install/apriltag_msgs/include/apriltag_msgs/apriltag_msgs/msg/detail/april_tag_detection_array__functions.c
[0.413s] -- Up-to-date: /home/victus/apriltag_ws/install/apriltag_msgs/include/apriltag_msgs/apriltag_msgs/msg/april_tag_detection.h
[0.413s] -- Up-to-date: /home/victus/apriltag_ws/install/apriltag_msgs/include/apriltag_msgs/apriltag_msgs/msg/rosidl_generator_c__visibility_control.h
[0.413s] -- Up-to-date: /home/victus/apriltag_ws/install/apriltag_msgs/include/apriltag_msgs/apriltag_msgs/msg/april_tag_detection_array.h
[0.413s] -- Up-to-date: /home/victus/apriltag_ws/install/apriltag_msgs/share/apriltag_msgs/environment/library_path.sh
[0.413s] -- Up-to-date: /home/victus/apriltag_ws/install/apriltag_msgs/share/apriltag_msgs/environment/library_path.dsv
[0.413s] -- Up-to-date: /home/victus/apriltag_ws/install/apriltag_msgs/lib/libapriltag_msgs__rosidl_generator_c.so
[0.414s] -- Up-to-date: /home/victus/apriltag_ws/install/apriltag_msgs/include/apriltag_msgs/apriltag_msgs
[0.414s] -- Up-to-date: /home/victus/apriltag_ws/install/apriltag_msgs/include/apriltag_msgs/apriltag_msgs/msg
[0.414s] -- Up-to-date: /home/victus/apriltag_ws/install/apriltag_msgs/include/apriltag_msgs/apriltag_msgs/msg/detail
[0.414s] -- Up-to-date: /home/victus/apriltag_ws/install/apriltag_msgs/include/apriltag_msgs/apriltag_msgs/msg/detail/april_tag_detection__rosidl_typesupport_fastrtps_c.h
[0.414s] -- Up-to-date: /home/victus/apriltag_ws/install/apriltag_msgs/include/apriltag_msgs/apriltag_msgs/msg/detail/april_tag_detection_array__rosidl_typesupport_fastrtps_c.h
[0.414s] -- Up-to-date: /home/victus/apriltag_ws/install/apriltag_msgs/include/apriltag_msgs/apriltag_msgs/msg/rosidl_typesupport_fastrtps_c__visibility_control.h
[0.414s] -- Up-to-date: /home/victus/apriltag_ws/install/apriltag_msgs/lib/libapriltag_msgs__rosidl_typesupport_fastrtps_c.so
[0.414s] -- Up-to-date: /home/victus/apriltag_ws/install/apriltag_msgs/include/apriltag_msgs/apriltag_msgs
[0.414s] -- Up-to-date: /home/victus/apriltag_ws/install/apriltag_msgs/include/apriltag_msgs/apriltag_msgs/msg
[0.414s] -- Up-to-date: /home/victus/apriltag_ws/install/apriltag_msgs/include/apriltag_msgs/apriltag_msgs/msg/detail
[0.414s] -- Up-to-date: /home/victus/apriltag_ws/install/apriltag_msgs/include/apriltag_msgs/apriltag_msgs/msg/detail/april_tag_detection__builder.hpp
[0.415s] -- Up-to-date: /home/victus/apriltag_ws/install/apriltag_msgs/include/apriltag_msgs/apriltag_msgs/msg/detail/april_tag_detection__struct.hpp
[0.415s] -- Up-to-date: /home/victus/apriltag_ws/install/apriltag_msgs/include/apriltag_msgs/apriltag_msgs/msg/detail/april_tag_detection_array__struct.hpp
[0.415s] -- Up-to-date: /home/victus/apriltag_ws/install/apriltag_msgs/include/apriltag_msgs/apriltag_msgs/msg/detail/april_tag_detection_array__type_support.hpp
[0.415s] -- Up-to-date: /home/victus/apriltag_ws/install/apriltag_msgs/include/apriltag_msgs/apriltag_msgs/msg/detail/april_tag_detection__traits.hpp
[0.415s] -- Up-to-date: /home/victus/apriltag_ws/install/apriltag_msgs/include/apriltag_msgs/apriltag_msgs/msg/detail/april_tag_detection_array__traits.hpp
[0.415s] -- Up-to-date: /home/victus/apriltag_ws/install/apriltag_msgs/include/apriltag_msgs/apriltag_msgs/msg/detail/april_tag_detection__type_support.hpp
[0.415s] -- Up-to-date: /home/victus/apriltag_ws/install/apriltag_msgs/include/apriltag_msgs/apriltag_msgs/msg/detail/april_tag_detection_array__builder.hpp
[0.415s] -- Up-to-date: /home/victus/apriltag_ws/install/apriltag_msgs/include/apriltag_msgs/apriltag_msgs/msg/rosidl_generator_cpp__visibility_control.hpp
[0.415s] -- Up-to-date: /home/victus/apriltag_ws/install/apriltag_msgs/include/apriltag_msgs/apriltag_msgs/msg/april_tag_detection.hpp
[0.415s] -- Up-to-date: /home/victus/apriltag_ws/install/apriltag_msgs/include/apriltag_msgs/apriltag_msgs/msg/april_tag_detection_array.hpp
[0.416s] -- Up-to-date: /home/victus/apriltag_ws/install/apriltag_msgs/include/apriltag_msgs/apriltag_msgs
[0.416s] -- Up-to-date: /home/victus/apriltag_ws/install/apriltag_msgs/include/apriltag_msgs/apriltag_msgs/msg
[0.416s] -- Up-to-date: /home/victus/apriltag_ws/install/apriltag_msgs/include/apriltag_msgs/apriltag_msgs/msg/detail
[0.416s] -- Up-to-date: /home/victus/apriltag_ws/install/apriltag_msgs/include/apriltag_msgs/apriltag_msgs/msg/detail/april_tag_detection__rosidl_typesupport_fastrtps_cpp.hpp
[0.416s] -- Up-to-date: /home/victus/apriltag_ws/install/apriltag_msgs/include/apriltag_msgs/apriltag_msgs/msg/detail/dds_fastrtps
[0.416s] -- Up-to-date: /home/victus/apriltag_ws/install/apriltag_msgs/include/apriltag_msgs/apriltag_msgs/msg/detail/april_tag_detection_array__rosidl_typesupport_fastrtps_cpp.hpp
[0.416s] -- Up-to-date: /home/victus/apriltag_ws/install/apriltag_msgs/include/apriltag_msgs/apriltag_msgs/msg/rosidl_typesupport_fastrtps_cpp__visibility_control.h
[0.416s] -- Up-to-date: /home/victus/apriltag_ws/install/apriltag_msgs/lib/libapriltag_msgs__rosidl_typesupport_fastrtps_cpp.so
[0.416s] -- Up-to-date: /home/victus/apriltag_ws/install/apriltag_msgs/include/apriltag_msgs/apriltag_msgs
[0.416s] -- Up-to-date: /home/victus/apriltag_ws/install/apriltag_msgs/include/apriltag_msgs/apriltag_msgs/msg
[0.416s] -- Up-to-date: /home/victus/apriltag_ws/install/apriltag_msgs/include/apriltag_msgs/apriltag_msgs/msg/detail
[0.416s] -- Up-to-date: /home/victus/apriltag_ws/install/apriltag_msgs/include/apriltag_msgs/apriltag_msgs/msg/detail/april_tag_detection__type_support.c
[0.417s] -- Up-to-date: /home/victus/apriltag_ws/install/apriltag_msgs/include/apriltag_msgs/apriltag_msgs/msg/detail/april_tag_detection_array__type_support.c
[0.417s] -- Up-to-date: /home/victus/apriltag_ws/install/apriltag_msgs/include/apriltag_msgs/apriltag_msgs/msg/detail/april_tag_detection_array__rosidl_typesupport_introspection_c.h
[0.417s] -- Up-to-date: /home/victus/apriltag_ws/install/apriltag_msgs/include/apriltag_msgs/apriltag_msgs/msg/detail/april_tag_detection__rosidl_typesupport_introspection_c.h
[0.417s] -- Up-to-date: /home/victus/apriltag_ws/install/apriltag_msgs/include/apriltag_msgs/apriltag_msgs/msg/rosidl_typesupport_introspection_c__visibility_control.h
[0.417s] -- Up-to-date: /home/victus/apriltag_ws/install/apriltag_msgs/lib/libapriltag_msgs__rosidl_typesupport_introspection_c.so
[0.417s] -- Up-to-date: /home/victus/apriltag_ws/install/apriltag_msgs/lib/libapriltag_msgs__rosidl_typesupport_c.so
[0.417s] -- Up-to-date: /home/victus/apriltag_ws/install/apriltag_msgs/include/apriltag_msgs/apriltag_msgs
[0.417s] -- Up-to-date: /home/victus/apriltag_ws/install/apriltag_msgs/include/apriltag_msgs/apriltag_msgs/msg
[0.417s] -- Up-to-date: /home/victus/apriltag_ws/install/apriltag_msgs/include/apriltag_msgs/apriltag_msgs/msg/detail
[0.417s] -- Up-to-date: /home/victus/apriltag_ws/install/apriltag_msgs/include/apriltag_msgs/apriltag_msgs/msg/detail/april_tag_detection_array__type_support.cpp
[0.418s] -- Up-to-date: /home/victus/apriltag_ws/install/apriltag_msgs/include/apriltag_msgs/apriltag_msgs/msg/detail/april_tag_detection_array__rosidl_typesupport_introspection_cpp.hpp
[0.418s] -- Up-to-date: /home/victus/apriltag_ws/install/apriltag_msgs/include/apriltag_msgs/apriltag_msgs/msg/detail/april_tag_detection__rosidl_typesupport_introspection_cpp.hpp
[0.418s] -- Up-to-date: /home/victus/apriltag_ws/install/apriltag_msgs/include/apriltag_msgs/apriltag_msgs/msg/detail/april_tag_detection__type_support.cpp
[0.418s] -- Up-to-date: /home/victus/apriltag_ws/install/apriltag_msgs/lib/libapriltag_msgs__rosidl_typesupport_introspection_cpp.so
[0.418s] -- Up-to-date: /home/victus/apriltag_ws/install/apriltag_msgs/lib/libapriltag_msgs__rosidl_typesupport_cpp.so
[0.418s] -- Up-to-date: /home/victus/apriltag_ws/install/apriltag_msgs/share/apriltag_msgs/environment/pythonpath.sh
[0.418s] -- Up-to-date: /home/victus/apriltag_ws/install/apriltag_msgs/share/apriltag_msgs/environment/pythonpath.dsv
[0.418s] -- Up-to-date: /home/victus/apriltag_ws/install/apriltag_msgs/lib/python3.12/site-packages/apriltag_msgs-0.0.0-py3.12.egg-info
[0.418s] -- Installing: /home/victus/apriltag_ws/install/apriltag_msgs/lib/python3.12/site-packages/apriltag_msgs-0.0.0-py3.12.egg-info/SOURCES.txt
[0.418s] -- Installing: /home/victus/apriltag_ws/install/apriltag_msgs/lib/python3.12/site-packages/apriltag_msgs-0.0.0-py3.12.egg-info/PKG-INFO
[0.418s] -- Installing: /home/victus/apriltag_ws/install/apriltag_msgs/lib/python3.12/site-packages/apriltag_msgs-0.0.0-py3.12.egg-info/dependency_links.txt
[0.419s] -- Installing: /home/victus/apriltag_ws/install/apriltag_msgs/lib/python3.12/site-packages/apriltag_msgs-0.0.0-py3.12.egg-info/top_level.txt
[0.419s] -- Up-to-date: /home/victus/apriltag_ws/install/apriltag_msgs/lib/python3.12/site-packages/apriltag_msgs
[0.419s] -- Up-to-date: /home/victus/apriltag_ws/install/apriltag_msgs/lib/python3.12/site-packages/apriltag_msgs/__init__.py
[0.419s] -- Up-to-date: /home/victus/apriltag_ws/install/apriltag_msgs/lib/python3.12/site-packages/apriltag_msgs/apriltag_msgs_s__rosidl_typesupport_c.so
[0.419s] -- Up-to-date: /home/victus/apriltag_ws/install/apriltag_msgs/lib/python3.12/site-packages/apriltag_msgs/_apriltag_msgs_s.ep.rosidl_typesupport_introspection_c.c
[0.419s] -- Up-to-date: /home/victus/apriltag_ws/install/apriltag_msgs/lib/python3.12/site-packages/apriltag_msgs/_apriltag_msgs_s.ep.rosidl_typesupport_c.c
[0.419s] -- Up-to-date: /home/victus/apriltag_ws/install/apriltag_msgs/lib/python3.12/site-packages/apriltag_msgs/apriltag_msgs_s__rosidl_typesupport_introspection_c.so
[0.419s] -- Up-to-date: /home/victus/apriltag_ws/install/apriltag_msgs/lib/python3.12/site-packages/apriltag_msgs/_apriltag_msgs_s.ep.rosidl_typesupport_fastrtps_c.c
[0.419s] -- Up-to-date: /home/victus/apriltag_ws/install/apriltag_msgs/lib/python3.12/site-packages/apriltag_msgs/apriltag_msgs_s__rosidl_typesupport_fastrtps_c.so
[0.419s] -- Up-to-date: /home/victus/apriltag_ws/install/apriltag_msgs/lib/python3.12/site-packages/apriltag_msgs/msg
[0.419s] -- Up-to-date: /home/victus/apriltag_ws/install/apriltag_msgs/lib/python3.12/site-packages/apriltag_msgs/msg/__init__.py
[0.419s] -- Up-to-date: /home/victus/apriltag_ws/install/apriltag_msgs/lib/python3.12/site-packages/apriltag_msgs/msg/_april_tag_detection_s.c
[0.419s] -- Up-to-date: /home/victus/apriltag_ws/install/apriltag_msgs/lib/python3.12/site-packages/apriltag_msgs/msg/_april_tag_detection_array_s.c
[0.420s] -- Up-to-date: /home/victus/apriltag_ws/install/apriltag_msgs/lib/python3.12/site-packages/apriltag_msgs/msg/_april_tag_detection.py
[0.420s] -- Up-to-date: /home/victus/apriltag_ws/install/apriltag_msgs/lib/python3.12/site-packages/apriltag_msgs/msg/_april_tag_detection_array.py
[0.446s] Listing '/home/victus/apriltag_ws/install/apriltag_msgs/lib/python3.12/site-packages/apriltag_msgs'...
[0.446s] Listing '/home/victus/apriltag_ws/install/apriltag_msgs/lib/python3.12/site-packages/apriltag_msgs/msg'...
[0.450s] -- Up-to-date: /home/victus/apriltag_ws/install/apriltag_msgs/lib/python3.12/site-packages/apriltag_msgs/apriltag_msgs_s__rosidl_typesupport_fastrtps_c.so
[0.450s] -- Up-to-date: /home/victus/apriltag_ws/install/apriltag_msgs/lib/python3.12/site-packages/apriltag_msgs/apriltag_msgs_s__rosidl_typesupport_introspection_c.so
[0.450s] -- Up-to-date: /home/victus/apriltag_ws/install/apriltag_msgs/lib/python3.12/site-packages/apriltag_msgs/apriltag_msgs_s__rosidl_typesupport_c.so
[0.451s] -- Up-to-date: /home/victus/apriltag_ws/install/apriltag_msgs/lib/libapriltag_msgs__rosidl_generator_py.so
[0.451s] -- Up-to-date: /home/victus/apriltag_ws/install/apriltag_msgs/share/apriltag_msgs/msg/AprilTagDetectionArray.idl
[0.451s] -- Up-to-date: /home/victus/apriltag_ws/install/apriltag_msgs/share/apriltag_msgs/msg/AprilTagDetection.idl
[0.451s] -- Up-to-date: /home/victus/apriltag_ws/install/apriltag_msgs/share/apriltag_msgs/msg/AprilTagDetectionArray.msg
[0.451s] -- Up-to-date: /home/victus/apriltag_ws/install/apriltag_msgs/share/apriltag_msgs/msg/AprilTagDetection.msg
[0.451s] -- Up-to-date: /home/victus/apriltag_ws/install/apriltag_msgs/share/ament_index/resource_index/package_run_dependencies/apriltag_msgs
[0.451s] -- Up-to-date: /home/victus/apriltag_ws/install/apriltag_msgs/share/ament_index/resource_index/parent_prefix_path/apriltag_msgs
[0.452s] -- Up-to-date: /home/victus/apriltag_ws/install/apriltag_msgs/share/apriltag_msgs/environment/ament_prefix_path.sh
[0.452s] -- Up-to-date: /home/victus/apriltag_ws/install/apriltag_msgs/share/apriltag_msgs/environment/ament_prefix_path.dsv
[0.452s] -- Up-to-date: /home/victus/apriltag_ws/install/apriltag_msgs/share/apriltag_msgs/environment/path.sh
[0.452s] -- Up-to-date: /home/victus/apriltag_ws/install/apriltag_msgs/share/apriltag_msgs/environment/path.dsv
[0.452s] -- Up-to-date: /home/victus/apriltag_ws/install/apriltag_msgs/share/apriltag_msgs/local_setup.bash
[0.452s] -- Up-to-date: /home/victus/apriltag_ws/install/apriltag_msgs/share/apriltag_msgs/local_setup.sh
[0.452s] -- Up-to-date: /home/victus/apriltag_ws/install/apriltag_msgs/share/apriltag_msgs/local_setup.zsh
[0.452s] -- Up-to-date: /home/victus/apriltag_ws/install/apriltag_msgs/share/apriltag_msgs/local_setup.dsv
[0.452s] -- Installing: /home/victus/apriltag_ws/install/apriltag_msgs/share/apriltag_msgs/package.dsv
[0.452s] -- Up-to-date: /home/victus/apriltag_ws/install/apriltag_msgs/share/ament_index/resource_index/packages/apriltag_msgs
[0.452s] -- Up-to-date: /home/victus/apriltag_ws/install/apriltag_msgs/share/apriltag_msgs/cmake/export_apriltag_msgs__rosidl_generator_cExport.cmake
[0.453s] -- Up-to-date: /home/victus/apriltag_ws/install/apriltag_msgs/share/apriltag_msgs/cmake/export_apriltag_msgs__rosidl_generator_cExport-noconfig.cmake
[0.453s] -- Up-to-date: /home/victus/apriltag_ws/install/apriltag_msgs/share/apriltag_msgs/cmake/export_apriltag_msgs__rosidl_typesupport_fastrtps_cExport.cmake
[0.453s] -- Up-to-date: /home/victus/apriltag_ws/install/apriltag_msgs/share/apriltag_msgs/cmake/export_apriltag_msgs__rosidl_typesupport_fastrtps_cExport-noconfig.cmake
[0.453s] -- Up-to-date: /home/victus/apriltag_ws/install/apriltag_msgs/share/apriltag_msgs/cmake/export_apriltag_msgs__rosidl_generator_cppExport.cmake
[0.453s] -- Up-to-date: /home/victus/apriltag_ws/install/apriltag_msgs/share/apriltag_msgs/cmake/export_apriltag_msgs__rosidl_typesupport_fastrtps_cppExport.cmake
[0.453s] -- Up-to-date: /home/victus/apriltag_ws/install/apriltag_msgs/share/apriltag_msgs/cmake/export_apriltag_msgs__rosidl_typesupport_fastrtps_cppExport-noconfig.cmake
[0.453s] -- Up-to-date: /home/victus/apriltag_ws/install/apriltag_msgs/share/apriltag_msgs/cmake/apriltag_msgs__rosidl_typesupport_introspection_cExport.cmake
[0.453s] -- Up-to-date: /home/victus/apriltag_ws/install/apriltag_msgs/share/apriltag_msgs/cmake/apriltag_msgs__rosidl_typesupport_introspection_cExport-noconfig.cmake
[0.453s] -- Up-to-date: /home/victus/apriltag_ws/install/apriltag_msgs/share/apriltag_msgs/cmake/apriltag_msgs__rosidl_typesupport_cExport.cmake
[0.453s] -- Up-to-date: /home/victus/apriltag_ws/install/apriltag_msgs/share/apriltag_msgs/cmake/apriltag_msgs__rosidl_typesupport_cExport-noconfig.cmake
[0.454s] -- Up-to-date: /home/victus/apriltag_ws/install/apriltag_msgs/share/apriltag_msgs/cmake/apriltag_msgs__rosidl_typesupport_introspection_cppExport.cmake
[0.454s] -- Up-to-date: /home/victus/apriltag_ws/install/apriltag_msgs/share/apriltag_msgs/cmake/apriltag_msgs__rosidl_typesupport_introspection_cppExport-noconfig.cmake
[0.454s] -- Up-to-date: /home/victus/apriltag_ws/install/apriltag_msgs/share/apriltag_msgs/cmake/apriltag_msgs__rosidl_typesupport_cppExport.cmake
[0.454s] -- Up-to-date: /home/victus/apriltag_ws/install/apriltag_msgs/share/apriltag_msgs/cmake/apriltag_msgs__rosidl_typesupport_cppExport-noconfig.cmake
[0.454s] -- Up-to-date: /home/victus/apriltag_ws/install/apriltag_msgs/share/apriltag_msgs/cmake/export_apriltag_msgs__rosidl_generator_pyExport.cmake
[0.454s] -- Up-to-date: /home/victus/apriltag_ws/install/apriltag_msgs/share/apriltag_msgs/cmake/export_apriltag_msgs__rosidl_generator_pyExport-noconfig.cmake
[0.454s] -- Up-to-date: /home/victus/apriltag_ws/install/apriltag_msgs/share/apriltag_msgs/cmake/rosidl_cmake-extras.cmake
[0.454s] -- Up-to-date: /home/victus/apriltag_ws/install/apriltag_msgs/share/apriltag_msgs/cmake/ament_cmake_export_dependencies-extras.cmake
[0.454s] -- Up-to-date: /home/victus/apriltag_ws/install/apriltag_msgs/share/apriltag_msgs/cmake/ament_cmake_export_include_directories-extras.cmake
[0.454s] -- Up-to-date: /home/victus/apriltag_ws/install/apriltag_msgs/share/apriltag_msgs/cmake/ament_cmake_export_libraries-extras.cmake
[0.454s] -- Up-to-date: /home/victus/apriltag_ws/install/apriltag_msgs/share/apriltag_msgs/cmake/ament_cmake_export_targets-extras.cmake
[0.454s] -- Up-to-date: /home/victus/apriltag_ws/install/apriltag_msgs/share/apriltag_msgs/cmake/rosidl_cmake_export_typesupport_targets-extras.cmake
[0.454s] -- Up-to-date: /home/victus/apriltag_ws/install/apriltag_msgs/share/apriltag_msgs/cmake/rosidl_cmake_export_typesupport_libraries-extras.cmake
[0.454s] -- Up-to-date: /home/victus/apriltag_ws/install/apriltag_msgs/share/apriltag_msgs/cmake/apriltag_msgsConfig.cmake
[0.455s] -- Up-to-date: /home/victus/apriltag_ws/install/apriltag_msgs/share/apriltag_msgs/cmake/apriltag_msgsConfig-version.cmake
[0.455s] -- Up-to-date: /home/victus/apriltag_ws/install/apriltag_msgs/share/apriltag_msgs/package.xml
[0.455s] Invoked command in '/home/victus/apriltag_ws/build/apriltag_msgs' returned '0': CMAKE_PREFIX_PATH=${CMAKE_PREFIX_PATH}:/home/victus/apriltag_ws/install/apriltag_navigation:/opt/ros/jazzy /usr/bin/cmake --install /home/victus/apriltag_ws/build/apriltag_msgs
