running egg_info
creating ../build/apriltag_navigation/apriltag_navigation.egg-info
writing ../build/apriltag_navigation/apriltag_navigation.egg-info/PKG-INFO
writing dependency_links to ../build/apriltag_navigation/apriltag_navigation.egg-info/dependency_links.txt
writing entry points to ../build/apriltag_navigation/apriltag_navigation.egg-info/entry_points.txt
writing requirements to ../build/apriltag_navigation/apriltag_navigation.egg-info/requires.txt
writing top-level names to ../build/apriltag_navigation/apriltag_navigation.egg-info/top_level.txt
writing manifest file '../build/apriltag_navigation/apriltag_navigation.egg-info/SOURCES.txt'
reading manifest file '../build/apriltag_navigation/apriltag_navigation.egg-info/SOURCES.txt'
writing manifest file '../build/apriltag_navigation/apriltag_navigation.egg-info/SOURCES.txt'
running build
running build_py
creating /home/victus/apriltag_ws/build/apriltag_navigation/build
creating /home/victus/apriltag_ws/build/apriltag_navigation/build/lib
creating /home/victus/apriltag_ws/build/apriltag_navigation/build/lib/apriltag_navigation
copying apriltag_navigation/apriltag_detector.py -> /home/victus/apriltag_ws/build/apriltag_navigation/build/lib/apriltag_navigation
copying apriltag_navigation/spawn_turtlebot.py -> /home/victus/apriltag_ws/build/apriltag_navigation/build/lib/apriltag_navigation
copying apriltag_navigation/init.py -> /home/victus/apriltag_ws/build/apriltag_navigation/build/lib/apriltag_navigation
copying apriltag_navigation/pid_controller.py -> /home/victus/apriltag_ws/build/apriltag_navigation/build/lib/apriltag_navigation
running install
running install_lib
creating /home/victus/apriltag_ws/install/apriltag_navigation/lib/python3.12/site-packages/apriltag_navigation
copying /home/victus/apriltag_ws/build/apriltag_navigation/build/lib/apriltag_navigation/apriltag_detector.py -> /home/victus/apriltag_ws/install/apriltag_navigation/lib/python3.12/site-packages/apriltag_navigation
copying /home/victus/apriltag_ws/build/apriltag_navigation/build/lib/apriltag_navigation/spawn_turtlebot.py -> /home/victus/apriltag_ws/install/apriltag_navigation/lib/python3.12/site-packages/apriltag_navigation
copying /home/victus/apriltag_ws/build/apriltag_navigation/build/lib/apriltag_navigation/init.py -> /home/victus/apriltag_ws/install/apriltag_navigation/lib/python3.12/site-packages/apriltag_navigation
copying /home/victus/apriltag_ws/build/apriltag_navigation/build/lib/apriltag_navigation/pid_controller.py -> /home/victus/apriltag_ws/install/apriltag_navigation/lib/python3.12/site-packages/apriltag_navigation
byte-compiling /home/victus/apriltag_ws/install/apriltag_navigation/lib/python3.12/site-packages/apriltag_navigation/apriltag_detector.py to apriltag_detector.cpython-312.pyc
byte-compiling /home/victus/apriltag_ws/install/apriltag_navigation/lib/python3.12/site-packages/apriltag_navigation/spawn_turtlebot.py to spawn_turtlebot.cpython-312.pyc
byte-compiling /home/victus/apriltag_ws/install/apriltag_navigation/lib/python3.12/site-packages/apriltag_navigation/init.py to init.cpython-312.pyc
byte-compiling /home/victus/apriltag_ws/install/apriltag_navigation/lib/python3.12/site-packages/apriltag_navigation/pid_controller.py to pid_controller.cpython-312.pyc
running install_data
creating /home/victus/apriltag_ws/install/apriltag_navigation/share/ament_index
creating /home/victus/apriltag_ws/install/apriltag_navigation/share/ament_index/resource_index
creating /home/victus/apriltag_ws/install/apriltag_navigation/share/ament_index/resource_index/packages
