[0.800s] Invoking command in '/home/victus/apriltag_ws/apriltag_navigation': PYTHONPATH=/home/victus/apriltag_ws/build/apriltag_navigation/prefix_override:/usr/lib/python3/dist-packages/colcon_core/task/python/colcon_distutils_commands:/home/victus/apriltag_ws/install/apriltag_navigation/lib/python3.12/site-packages:${PYTHONPATH} /usr/bin/python3 -W ignore:setup.py install is deprecated -W ignore:easy_install command is deprecated setup.py egg_info --egg-base ../build/apriltag_navigation build --build-base /home/victus/apriltag_ws/build/apriltag_navigation/build install --record /home/victus/apriltag_ws/build/apriltag_navigation/install.log --single-version-externally-managed install_data
[1.016s] running egg_info
[1.016s] creating ../build/apriltag_navigation/apriltag_navigation.egg-info
[1.033s] writing ../build/apriltag_navigation/apriltag_navigation.egg-info/PKG-INFO
[1.033s] writing dependency_links to ../build/apriltag_navigation/apriltag_navigation.egg-info/dependency_links.txt
[1.033s] writing entry points to ../build/apriltag_navigation/apriltag_navigation.egg-info/entry_points.txt
[1.033s] writing requirements to ../build/apriltag_navigation/apriltag_navigation.egg-info/requires.txt
[1.033s] writing top-level names to ../build/apriltag_navigation/apriltag_navigation.egg-info/top_level.txt
[1.033s] writing manifest file '../build/apriltag_navigation/apriltag_navigation.egg-info/SOURCES.txt'
[1.067s] reading manifest file '../build/apriltag_navigation/apriltag_navigation.egg-info/SOURCES.txt'
[1.068s] writing manifest file '../build/apriltag_navigation/apriltag_navigation.egg-info/SOURCES.txt'
[1.068s] running build
[1.068s] running build_py
[1.068s] creating /home/victus/apriltag_ws/build/apriltag_navigation/build
[1.068s] creating /home/victus/apriltag_ws/build/apriltag_navigation/build/lib
[1.068s] creating /home/victus/apriltag_ws/build/apriltag_navigation/build/lib/apriltag_navigation
[1.068s] copying apriltag_navigation/apriltag_detector.py -> /home/victus/apriltag_ws/build/apriltag_navigation/build/lib/apriltag_navigation
[1.068s] copying apriltag_navigation/spawn_turtlebot.py -> /home/victus/apriltag_ws/build/apriltag_navigation/build/lib/apriltag_navigation
[1.068s] copying apriltag_navigation/init.py -> /home/victus/apriltag_ws/build/apriltag_navigation/build/lib/apriltag_navigation
[1.068s] copying apriltag_navigation/pid_controller.py -> /home/victus/apriltag_ws/build/apriltag_navigation/build/lib/apriltag_navigation
[1.069s] running install
[1.073s] running install_lib
[1.090s] creating /home/victus/apriltag_ws/install/apriltag_navigation/lib/python3.12/site-packages/apriltag_navigation
[1.090s] copying /home/victus/apriltag_ws/build/apriltag_navigation/build/lib/apriltag_navigation/apriltag_detector.py -> /home/victus/apriltag_ws/install/apriltag_navigation/lib/python3.12/site-packages/apriltag_navigation
[1.091s] copying /home/victus/apriltag_ws/build/apriltag_navigation/build/lib/apriltag_navigation/spawn_turtlebot.py -> /home/victus/apriltag_ws/install/apriltag_navigation/lib/python3.12/site-packages/apriltag_navigation
[1.091s] copying /home/victus/apriltag_ws/build/apriltag_navigation/build/lib/apriltag_navigation/init.py -> /home/victus/apriltag_ws/install/apriltag_navigation/lib/python3.12/site-packages/apriltag_navigation
[1.091s] copying /home/victus/apriltag_ws/build/apriltag_navigation/build/lib/apriltag_navigation/pid_controller.py -> /home/victus/apriltag_ws/install/apriltag_navigation/lib/python3.12/site-packages/apriltag_navigation
[1.091s] byte-compiling /home/victus/apriltag_ws/install/apriltag_navigation/lib/python3.12/site-packages/apriltag_navigation/apriltag_detector.py to apriltag_detector.cpython-312.pyc
[1.092s] byte-compiling /home/victus/apriltag_ws/install/apriltag_navigation/lib/python3.12/site-packages/apriltag_navigation/spawn_turtlebot.py to spawn_turtlebot.cpython-312.pyc
[1.092s] byte-compiling /home/victus/apriltag_ws/install/apriltag_navigation/lib/python3.12/site-packages/apriltag_navigation/init.py to init.cpython-312.pyc
[1.092s] byte-compiling /home/victus/apriltag_ws/install/apriltag_navigation/lib/python3.12/site-packages/apriltag_navigation/pid_controller.py to pid_controller.cpython-312.pyc
[1.093s] running install_data
[1.093s] creating /home/victus/apriltag_ws/install/apriltag_navigation/share/ament_index
[1.094s] creating /home/victus/apriltag_ws/install/apriltag_navigation/share/ament_index/resource_index
[1.094s] error: can't copy 'resource/apriltag_navigation': doesn't exist or not a regular file
[1.094s] creating /home/victus/apriltag_ws/install/apriltag_navigation/share/ament_index/resource_index/packages
[1.109s] Invoked command in '/home/victus/apriltag_ws/apriltag_navigation' returned '1': PYTHONPATH=/home/victus/apriltag_ws/build/apriltag_navigation/prefix_override:/usr/lib/python3/dist-packages/colcon_core/task/python/colcon_distutils_commands:/home/victus/apriltag_ws/install/apriltag_navigation/lib/python3.12/site-packages:${PYTHONPATH} /usr/bin/python3 -W ignore:setup.py install is deprecated -W ignore:easy_install command is deprecated setup.py egg_info --egg-base ../build/apriltag_navigation build --build-base /home/victus/apriltag_ws/build/apriltag_navigation/build install --record /home/victus/apriltag_ws/build/apriltag_navigation/install.log --single-version-externally-managed install_data
