[0.705s] Invoking command in '/home/victus/apriltag_ws/src/apriltag_navigation': AMENT_PREFIX_PATH=/home/victus/apriltag_ws/install/apriltag_msgs:${AMENT_PREFIX_PATH} CMAKE_PREFIX_PATH=/home/victus/apriltag_ws/install/apriltag_msgs:${CMAKE_PREFIX_PATH} LD_LIBRARY_PATH=/home/victus/apriltag_ws/install/apriltag_msgs/lib:${LD_LIBRARY_PATH} PYTHONPATH=/home/victus/apriltag_ws/build/apriltag_navigation/prefix_override:/usr/lib/python3/dist-packages/colcon_core/task/python/colcon_distutils_commands:/home/victus/apriltag_ws/install/apriltag_navigation/lib/python3.12/site-packages:/home/victus/apriltag_ws/install/apriltag_msgs/lib/python3.12/site-packages:${PYTHONPATH} /usr/bin/python3 -W ignore:setup.py install is deprecated -W ignore:easy_install command is deprecated setup.py egg_info --egg-base ../../build/apriltag_navigation build --build-base /home/victus/apriltag_ws/build/apriltag_navigation/build install --record /home/victus/apriltag_ws/build/apriltag_navigation/install.log --single-version-externally-managed install_data
[0.938s] running egg_info
[0.955s] writing ../../build/apriltag_navigation/apriltag_navigation.egg-info/PKG-INFO
[0.956s] writing dependency_links to ../../build/apriltag_navigation/apriltag_navigation.egg-info/dependency_links.txt
[0.956s] writing entry points to ../../build/apriltag_navigation/apriltag_navigation.egg-info/entry_points.txt
[0.956s] writing requirements to ../../build/apriltag_navigation/apriltag_navigation.egg-info/requires.txt
[0.956s] writing top-level names to ../../build/apriltag_navigation/apriltag_navigation.egg-info/top_level.txt
[0.992s] reading manifest file '../../build/apriltag_navigation/apriltag_navigation.egg-info/SOURCES.txt'
[0.993s] writing manifest file '../../build/apriltag_navigation/apriltag_navigation.egg-info/SOURCES.txt'
[0.993s] running build
[0.993s] running build_py
[0.993s] copying apriltag_navigation/apriltag_navigator.py -> /home/victus/apriltag_ws/build/apriltag_navigation/build/lib/apriltag_navigation
[0.994s] running install
[0.998s] running install_lib
[1.017s] copying /home/victus/apriltag_ws/build/apriltag_navigation/build/lib/apriltag_navigation/apriltag_navigator.py -> /home/victus/apriltag_ws/install/apriltag_navigation/lib/python3.12/site-packages/apriltag_navigation
[1.018s] byte-compiling /home/victus/apriltag_ws/install/apriltag_navigation/lib/python3.12/site-packages/apriltag_navigation/apriltag_navigator.py to apriltag_navigator.cpython-312.pyc
[1.019s] running install_data
[1.019s] running install_egg_info
[1.039s] removing '/home/victus/apriltag_ws/install/apriltag_navigation/lib/python3.12/site-packages/apriltag_navigation-0.0.0-py3.12.egg-info' (and everything under it)
[1.039s] Copying ../../build/apriltag_navigation/apriltag_navigation.egg-info to /home/victus/apriltag_ws/install/apriltag_navigation/lib/python3.12/site-packages/apriltag_navigation-0.0.0-py3.12.egg-info
[1.040s] running install_scripts
[1.162s] Installing apriltag_navigator script to /home/victus/apriltag_ws/install/apriltag_navigation/lib/apriltag_navigation
[1.162s] writing list of installed files to '/home/victus/apriltag_ws/build/apriltag_navigation/install.log'
[1.184s] Invoked command in '/home/victus/apriltag_ws/src/apriltag_navigation' returned '0': AMENT_PREFIX_PATH=/home/victus/apriltag_ws/install/apriltag_msgs:${AMENT_PREFIX_PATH} CMAKE_PREFIX_PATH=/home/victus/apriltag_ws/install/apriltag_msgs:${CMAKE_PREFIX_PATH} LD_LIBRARY_PATH=/home/victus/apriltag_ws/install/apriltag_msgs/lib:${LD_LIBRARY_PATH} PYTHONPATH=/home/victus/apriltag_ws/build/apriltag_navigation/prefix_override:/usr/lib/python3/dist-packages/colcon_core/task/python/colcon_distutils_commands:/home/victus/apriltag_ws/install/apriltag_navigation/lib/python3.12/site-packages:/home/victus/apriltag_ws/install/apriltag_msgs/lib/python3.12/site-packages:${PYTHONPATH} /usr/bin/python3 -W ignore:setup.py install is deprecated -W ignore:easy_install command is deprecated setup.py egg_info --egg-base ../../build/apriltag_navigation build --build-base /home/victus/apriltag_ws/build/apriltag_navigation/build install --record /home/victus/apriltag_ws/build/apriltag_navigation/install.log --single-version-externally-managed install_data
