-- The C compiler identification is GNU 13.3.0
-- The CXX compiler identification is GNU 13.3.0
-- Detecting C compiler ABI info
-- Detecting C compiler ABI info - done
-- Check for working C compiler: /usr/bin/cc - skipped
-- Detecting C compile features
-- Detecting C compile features - done
-- Detecting CXX compiler ABI info
-- Detecting CXX compiler ABI info - done
-- Check for working CXX compiler: /usr/bin/c++ - skipped
-- Detecting CXX compile features
-- Detecting CXX compile features - done
-- Found rclcpp: 28.1.12 (/opt/ros/jazzy/share/rclcpp/cmake)
-- Found Python3: /usr/bin/python3 (found version "3.12.3") found components: Interpreter 
-- Found rosidl_generator_c: 4.6.6 (/opt/ros/jazzy/share/rosidl_generator_c/cmake)
-- Found rosidl_generator_cpp: 4.6.6 (/opt/ros/jazzy/share/rosidl_generator_cpp/cmake)
-- Using all available rosidl_typesupport_c: rosidl_typesupport_fastrtps_c;rosidl_typesupport_introspection_c
-- Using all available rosidl_typesupport_cpp: rosidl_typesupport_fastrtps_cpp;rosidl_typesupport_introspection_cpp
-- Found rmw_implementation_cmake: 7.3.2 (/opt/ros/jazzy/share/rmw_implementation_cmake/cmake)
-- Found rmw_fastrtps_cpp: 8.4.3 (/opt/ros/jazzy/share/rmw_fastrtps_cpp/cmake)
-- Found OpenSSL: /usr/lib/x86_64-linux-gnu/libcrypto.so (found version "3.0.13")  
-- Found FastRTPS: /opt/ros/jazzy/include (Required is at least version "2.13") 
-- Using RMW implementation 'rmw_fastrtps_cpp' as default
-- Found rclcpp_components: 28.1.12 (/opt/ros/jazzy/share/rclcpp_components/cmake)
-- Found sensor_msgs: 5.3.6 (/opt/ros/jazzy/share/sensor_msgs/cmake)
-- Found tf2_msgs: 0.36.14 (/opt/ros/jazzy/share/tf2_msgs/cmake)
-- Found tf2_ros: 0.36.14 (/opt/ros/jazzy/share/tf2_ros/cmake)
-- Found image_transport: 5.1.7 (/opt/ros/jazzy/share/image_transport/cmake)
-- Found image_geometry: 4.1.0 (/opt/ros/jazzy/share/image_geometry/cmake)
-- Found cv_bridge: 4.1.0 (/opt/ros/jazzy/share/cv_bridge/cmake)
-- Found apriltag_msgs: 0.0.0 (/home/victus/apriltag_ws/install/apriltag_msgs/share/apriltag_msgs/cmake)
-- Found OpenCV: /usr (found version "4.6.0") 
-- Performing Test CMAKE_HAVE_LIBC_PTHREAD
-- Performing Test CMAKE_HAVE_LIBC_PTHREAD - Success
-- Found Threads: TRUE  
-- Found tf2_eigen: 0.36.14 (/opt/ros/jazzy/share/tf2_eigen/cmake)
-- Found tf2_geometry_msgs: 0.36.14 (/opt/ros/jazzy/share/tf2_geometry_msgs/cmake)
-- Found eigen3_cmake_module: 0.3.0 (/opt/ros/jazzy/share/eigen3_cmake_module/cmake)
-- Found Eigen3: TRUE (found version "3.4.0") 
-- Ensuring Eigen3 include directory is part of orocos-kdl CMake target
-- Found ament_lint_auto: 0.17.3 (/opt/ros/jazzy/share/ament_lint_auto/cmake)
-- Added test 'copyright' to check source files copyright and LICENSE
-- Added test 'cppcheck' to perform static code analysis on C / C++ code
-- Configured cppcheck include dirs: /home/victus/apriltag_ws/apriltag_ros2/apriltag_ros/include
-- Configured cppcheck exclude dirs and/or files: 
-- Added test 'cpplint' to check C / C++ code against the Google style
-- Configured cpplint exclude dirs and/or files: 
-- Added test 'flake8' to check Python code syntax and style conventions
-- Configured 'flake8' exclude dirs and/or files: 
-- Added test 'lint_cmake' to check CMake code style
-- Added test 'pep257' to check Python code against some of the docstring style conventions in PEP 257
-- Added test 'uncrustify' to check C / C++ code style
-- Configured uncrustify additional arguments: 
-- Added test 'xmllint' to check XML markup files
-- Configuring done (2.1s)
-- Generating done (0.0s)
-- Build files have been written to: /home/victus/apriltag_ws/build/apriltag_ros
[ 50%] [32mBuilding CXX object CMakeFiles/AprilTagNode.dir/src/AprilTagNode.cpp.o[0m
[ 50%] [32mBuilding CXX object CMakeFiles/tag_detector.dir/src/AprilTagNode.cpp.o[0m
[ 75%] [32m[1mLinking CXX executable tag_detector[0m
[100%] [32m[1mLinking CXX shared library libAprilTagNode.so[0m
[100%] Built target AprilTagNode
[100%] Built target tag_detector
-- Install configuration: ""
-- Installing: /home/victus/apriltag_ws/install/apriltag_ros/share/apriltag_ros/environment/library_path.sh
-- Installing: /home/victus/apriltag_ws/install/apriltag_ros/share/apriltag_ros/environment/library_path.dsv
-- Installing: /home/victus/apriltag_ws/install/apriltag_ros/lib/libAprilTagNode.so
-- Set non-toolchain portion of runtime path of "/home/victus/apriltag_ws/install/apriltag_ros/lib/libAprilTagNode.so" to ""
-- Installing: /home/victus/apriltag_ws/install/apriltag_ros/bin/tag_detector
-- Set non-toolchain portion of runtime path of "/home/victus/apriltag_ws/install/apriltag_ros/bin/tag_detector" to ""
-- Installing: /home/victus/apriltag_ws/install/apriltag_ros/share/apriltag_ros/config
-- Installing: /home/victus/apriltag_ws/install/apriltag_ros/share/apriltag_ros/config/tags_36h11_filter.yaml
-- Installing: /home/victus/apriltag_ws/install/apriltag_ros/share/apriltag_ros/config/tags_36h11_multi.yaml
-- Installing: /home/victus/apriltag_ws/install/apriltag_ros/share/apriltag_ros/launch
-- Installing: /home/victus/apriltag_ws/install/apriltag_ros/share/apriltag_ros/launch/tag_detector.launch.py
-- Installing: /home/victus/apriltag_ws/install/apriltag_ros/share/ament_index/resource_index/package_run_dependencies/apriltag_ros
-- Installing: /home/victus/apriltag_ws/install/apriltag_ros/share/ament_index/resource_index/parent_prefix_path/apriltag_ros
-- Installing: /home/victus/apriltag_ws/install/apriltag_ros/share/apriltag_ros/environment/ament_prefix_path.sh
-- Installing: /home/victus/apriltag_ws/install/apriltag_ros/share/apriltag_ros/environment/ament_prefix_path.dsv
-- Installing: /home/victus/apriltag_ws/install/apriltag_ros/share/apriltag_ros/environment/path.sh
-- Installing: /home/victus/apriltag_ws/install/apriltag_ros/share/apriltag_ros/environment/path.dsv
-- Installing: /home/victus/apriltag_ws/install/apriltag_ros/share/apriltag_ros/local_setup.bash
-- Installing: /home/victus/apriltag_ws/install/apriltag_ros/share/apriltag_ros/local_setup.sh
-- Installing: /home/victus/apriltag_ws/install/apriltag_ros/share/apriltag_ros/local_setup.zsh
-- Installing: /home/victus/apriltag_ws/install/apriltag_ros/share/apriltag_ros/local_setup.dsv
-- Installing: /home/victus/apriltag_ws/install/apriltag_ros/share/apriltag_ros/package.dsv
-- Installing: /home/victus/apriltag_ws/install/apriltag_ros/share/ament_index/resource_index/packages/apriltag_ros
-- Installing: /home/victus/apriltag_ws/install/apriltag_ros/share/ament_index/resource_index/rclcpp_components/apriltag_ros
-- Installing: /home/victus/apriltag_ws/install/apriltag_ros/share/apriltag_ros/cmake/ament_cmake_export_dependencies-extras.cmake
-- Installing: /home/victus/apriltag_ws/install/apriltag_ros/share/apriltag_ros/cmake/apriltag_rosConfig.cmake
-- Installing: /home/victus/apriltag_ws/install/apriltag_ros/share/apriltag_ros/cmake/apriltag_rosConfig-version.cmake
-- Installing: /home/victus/apriltag_ws/install/apriltag_ros/share/apriltag_ros/package.xml
