[0.012s] Invoking command in '/home/victus/apriltag_ws/build/apriltag_ros': AMENT_PREFIX_PATH=/home/victus/apriltag_ws/install/apriltag_msgs:${AMENT_PREFIX_PATH} CMAKE_PREFIX_PATH=/home/victus/apriltag_ws/install/apriltag_msgs:/opt/ros/jazzy/opt/gz_sim_vendor:/opt/ros/jazzy/opt/gz_sensors_vendor:/opt/ros/jazzy/opt/gz_physics_vendor:/opt/ros/jazzy/opt/sdformat_vendor:/opt/ros/jazzy/opt/gz_gui_vendor:/opt/ros/jazzy/opt/gz_transport_vendor:/opt/ros/jazzy/opt/gz_rendering_vendor:/opt/ros/jazzy/opt/gz_plugin_vendor:/opt/ros/jazzy/opt/gz_fuel_tools_vendor:/opt/ros/jazzy/opt/gz_msgs_vendor:/opt/ros/jazzy/opt/gz_common_vendor:/opt/ros/jazzy/opt/gz_math_vendor:/opt/ros/jazzy/opt/gz_utils_vendor:/opt/ros/jazzy/opt/gz_tools_vendor:/opt/ros/jazzy/opt/gz_ogre_next_vendor:/opt/ros/jazzy/opt/gz_dartsim_vendor:/opt/ros/jazzy/opt/gz_cmake_vendor:/opt/ros/jazzy LD_LIBRARY_PATH=/home/victus/apriltag_ws/install/apriltag_msgs/lib:${LD_LIBRARY_PATH} PYTHONPATH=/home/victus/apriltag_ws/install/apriltag_msgs/lib/python3.12/site-packages:${PYTHONPATH} /usr/bin/cmake /home/victus/apriltag_ws/apriltag_ros2/apriltag_ros -DCMAKE_INSTALL_PREFIX=/home/victus/apriltag_ws/install/apriltag_ros
[0.079s] -- The C compiler identification is GNU 13.3.0
[0.147s] -- The CXX compiler identification is GNU 13.3.0
[0.167s] -- Detecting C compiler ABI info
[0.278s] -- Detecting C compiler ABI info - done
[0.289s] -- Check for working C compiler: /usr/bin/cc - skipped
[0.289s] -- Detecting C compile features
[0.290s] -- Detecting C compile features - done
[0.301s] -- Detecting CXX compiler ABI info
[0.428s] -- Detecting CXX compiler ABI info - done
[0.438s] -- Check for working CXX compiler: /usr/bin/c++ - skipped
[0.438s] -- Detecting CXX compile features
[0.439s] -- Detecting CXX compile features - done
[0.445s] -- Found rclcpp: 28.1.12 (/opt/ros/jazzy/share/rclcpp/cmake)
[0.625s] -- Found Python3: /usr/bin/python3 (found version "3.12.3") found components: Interpreter 
[0.862s] -- Found rosidl_generator_c: 4.6.6 (/opt/ros/jazzy/share/rosidl_generator_c/cmake)
[0.887s] -- Found rosidl_generator_cpp: 4.6.6 (/opt/ros/jazzy/share/rosidl_generator_cpp/cmake)
[0.913s] -- Using all available rosidl_typesupport_c: rosidl_typesupport_fastrtps_c;rosidl_typesupport_introspection_c
[0.945s] -- Using all available rosidl_typesupport_cpp: rosidl_typesupport_fastrtps_cpp;rosidl_typesupport_introspection_cpp
[1.066s] -- Found rmw_implementation_cmake: 7.3.2 (/opt/ros/jazzy/share/rmw_implementation_cmake/cmake)
[1.073s] -- Found rmw_fastrtps_cpp: 8.4.3 (/opt/ros/jazzy/share/rmw_fastrtps_cpp/cmake)
[1.202s] -- Found OpenSSL: /usr/lib/x86_64-linux-gnu/libcrypto.so (found version "3.0.13")  
[1.235s] -- Found FastRTPS: /opt/ros/jazzy/include (Required is at least version "2.13") 
[1.262s] -- Using RMW implementation 'rmw_fastrtps_cpp' as default
[1.378s] -- Found rclcpp_components: 28.1.12 (/opt/ros/jazzy/share/rclcpp_components/cmake)
[1.435s] -- Found sensor_msgs: 5.3.6 (/opt/ros/jazzy/share/sensor_msgs/cmake)
[1.516s] -- Found tf2_msgs: 0.36.14 (/opt/ros/jazzy/share/tf2_msgs/cmake)
[1.598s] -- Found tf2_ros: 0.36.14 (/opt/ros/jazzy/share/tf2_ros/cmake)
[1.661s] -- Found image_transport: 5.1.7 (/opt/ros/jazzy/share/image_transport/cmake)
[1.685s] -- Found image_geometry: 4.1.0 (/opt/ros/jazzy/share/image_geometry/cmake)
[1.708s] -- Found cv_bridge: 4.1.0 (/opt/ros/jazzy/share/cv_bridge/cmake)
[1.713s] -- Found apriltag_msgs: 0.0.0 (/home/victus/apriltag_ws/install/apriltag_msgs/share/apriltag_msgs/cmake)
[1.755s] -- Found OpenCV: /usr (found version "4.6.0") 
[1.756s] -- Performing Test CMAKE_HAVE_LIBC_PTHREAD
[1.868s] -- Performing Test CMAKE_HAVE_LIBC_PTHREAD - Success
[1.869s] -- Found Threads: TRUE  
[1.882s] -- Found tf2_eigen: 0.36.14 (/opt/ros/jazzy/share/tf2_eigen/cmake)
[1.891s] -- Found tf2_geometry_msgs: 0.36.14 (/opt/ros/jazzy/share/tf2_geometry_msgs/cmake)
[1.913s] -- Found eigen3_cmake_module: 0.3.0 (/opt/ros/jazzy/share/eigen3_cmake_module/cmake)
[1.915s] -- Found Eigen3: TRUE (found version "3.4.0") 
[1.915s] -- Ensuring Eigen3 include directory is part of orocos-kdl CMake target
[1.931s] -- Found ament_lint_auto: 0.17.3 (/opt/ros/jazzy/share/ament_lint_auto/cmake)
[2.095s] -- Added test 'copyright' to check source files copyright and LICENSE
[2.097s] -- Added test 'cppcheck' to perform static code analysis on C / C++ code
[2.098s] -- Configured cppcheck include dirs: /home/victus/apriltag_ws/apriltag_ros2/apriltag_ros/include
[2.098s] -- Configured cppcheck exclude dirs and/or files: 
[2.100s] -- Added test 'cpplint' to check C / C++ code against the Google style
[2.100s] -- Configured cpplint exclude dirs and/or files: 
[2.101s] -- Added test 'flake8' to check Python code syntax and style conventions
[2.101s] -- Configured 'flake8' exclude dirs and/or files: 
[2.102s] -- Added test 'lint_cmake' to check CMake code style
[2.103s] -- Added test 'pep257' to check Python code against some of the docstring style conventions in PEP 257
[2.104s] -- Added test 'uncrustify' to check C / C++ code style
[2.105s] -- Configured uncrustify additional arguments: 
[2.105s] -- Added test 'xmllint' to check XML markup files
[2.108s] -- Configuring done (2.1s)
[2.141s] -- Generating done (0.0s)
[2.149s] -- Build files have been written to: /home/victus/apriltag_ws/build/apriltag_ros
[2.166s] Invoked command in '/home/victus/apriltag_ws/build/apriltag_ros' returned '0': AMENT_PREFIX_PATH=/home/victus/apriltag_ws/install/apriltag_msgs:${AMENT_PREFIX_PATH} CMAKE_PREFIX_PATH=/home/victus/apriltag_ws/install/apriltag_msgs:/opt/ros/jazzy/opt/gz_sim_vendor:/opt/ros/jazzy/opt/gz_sensors_vendor:/opt/ros/jazzy/opt/gz_physics_vendor:/opt/ros/jazzy/opt/sdformat_vendor:/opt/ros/jazzy/opt/gz_gui_vendor:/opt/ros/jazzy/opt/gz_transport_vendor:/opt/ros/jazzy/opt/gz_rendering_vendor:/opt/ros/jazzy/opt/gz_plugin_vendor:/opt/ros/jazzy/opt/gz_fuel_tools_vendor:/opt/ros/jazzy/opt/gz_msgs_vendor:/opt/ros/jazzy/opt/gz_common_vendor:/opt/ros/jazzy/opt/gz_math_vendor:/opt/ros/jazzy/opt/gz_utils_vendor:/opt/ros/jazzy/opt/gz_tools_vendor:/opt/ros/jazzy/opt/gz_ogre_next_vendor:/opt/ros/jazzy/opt/gz_dartsim_vendor:/opt/ros/jazzy/opt/gz_cmake_vendor:/opt/ros/jazzy LD_LIBRARY_PATH=/home/victus/apriltag_ws/install/apriltag_msgs/lib:${LD_LIBRARY_PATH} PYTHONPATH=/home/victus/apriltag_ws/install/apriltag_msgs/lib/python3.12/site-packages:${PYTHONPATH} /usr/bin/cmake /home/victus/apriltag_ws/apriltag_ros2/apriltag_ros -DCMAKE_INSTALL_PREFIX=/home/victus/apriltag_ws/install/apriltag_ros
[2.166s] Invoking command in '/home/victus/apriltag_ws/build/apriltag_ros': AMENT_PREFIX_PATH=/home/victus/apriltag_ws/install/apriltag_msgs:${AMENT_PREFIX_PATH} CMAKE_PREFIX_PATH=/home/victus/apriltag_ws/install/apriltag_msgs:/opt/ros/jazzy/opt/gz_sim_vendor:/opt/ros/jazzy/opt/gz_sensors_vendor:/opt/ros/jazzy/opt/gz_physics_vendor:/opt/ros/jazzy/opt/sdformat_vendor:/opt/ros/jazzy/opt/gz_gui_vendor:/opt/ros/jazzy/opt/gz_transport_vendor:/opt/ros/jazzy/opt/gz_rendering_vendor:/opt/ros/jazzy/opt/gz_plugin_vendor:/opt/ros/jazzy/opt/gz_fuel_tools_vendor:/opt/ros/jazzy/opt/gz_msgs_vendor:/opt/ros/jazzy/opt/gz_common_vendor:/opt/ros/jazzy/opt/gz_math_vendor:/opt/ros/jazzy/opt/gz_utils_vendor:/opt/ros/jazzy/opt/gz_tools_vendor:/opt/ros/jazzy/opt/gz_ogre_next_vendor:/opt/ros/jazzy/opt/gz_dartsim_vendor:/opt/ros/jazzy/opt/gz_cmake_vendor:/opt/ros/jazzy LD_LIBRARY_PATH=/home/victus/apriltag_ws/install/apriltag_msgs/lib:${LD_LIBRARY_PATH} PYTHONPATH=/home/victus/apriltag_ws/install/apriltag_msgs/lib/python3.12/site-packages:${PYTHONPATH} /usr/bin/cmake --build /home/victus/apriltag_ws/build/apriltag_ros -- -j12 -l12
[2.238s] [ 50%] [32mBuilding CXX object CMakeFiles/AprilTagNode.dir/src/AprilTagNode.cpp.o[0m
[2.238s] [ 50%] [32mBuilding CXX object CMakeFiles/tag_detector.dir/src/AprilTagNode.cpp.o[0m
[13.188s] [ 75%] [32m[1mLinking CXX executable tag_detector[0m
[13.199s] [100%] [32m[1mLinking CXX shared library libAprilTagNode.so[0m
[13.621s] [100%] Built target AprilTagNode
[13.892s] [100%] Built target tag_detector
[13.908s] Invoked command in '/home/victus/apriltag_ws/build/apriltag_ros' returned '0': AMENT_PREFIX_PATH=/home/victus/apriltag_ws/install/apriltag_msgs:${AMENT_PREFIX_PATH} CMAKE_PREFIX_PATH=/home/victus/apriltag_ws/install/apriltag_msgs:/opt/ros/jazzy/opt/gz_sim_vendor:/opt/ros/jazzy/opt/gz_sensors_vendor:/opt/ros/jazzy/opt/gz_physics_vendor:/opt/ros/jazzy/opt/sdformat_vendor:/opt/ros/jazzy/opt/gz_gui_vendor:/opt/ros/jazzy/opt/gz_transport_vendor:/opt/ros/jazzy/opt/gz_rendering_vendor:/opt/ros/jazzy/opt/gz_plugin_vendor:/opt/ros/jazzy/opt/gz_fuel_tools_vendor:/opt/ros/jazzy/opt/gz_msgs_vendor:/opt/ros/jazzy/opt/gz_common_vendor:/opt/ros/jazzy/opt/gz_math_vendor:/opt/ros/jazzy/opt/gz_utils_vendor:/opt/ros/jazzy/opt/gz_tools_vendor:/opt/ros/jazzy/opt/gz_ogre_next_vendor:/opt/ros/jazzy/opt/gz_dartsim_vendor:/opt/ros/jazzy/opt/gz_cmake_vendor:/opt/ros/jazzy LD_LIBRARY_PATH=/home/victus/apriltag_ws/install/apriltag_msgs/lib:${LD_LIBRARY_PATH} PYTHONPATH=/home/victus/apriltag_ws/install/apriltag_msgs/lib/python3.12/site-packages:${PYTHONPATH} /usr/bin/cmake --build /home/victus/apriltag_ws/build/apriltag_ros -- -j12 -l12
[13.909s] Invoking command in '/home/victus/apriltag_ws/build/apriltag_ros': AMENT_PREFIX_PATH=/home/victus/apriltag_ws/install/apriltag_msgs:${AMENT_PREFIX_PATH} CMAKE_PREFIX_PATH=/home/victus/apriltag_ws/install/apriltag_msgs:/opt/ros/jazzy/opt/gz_sim_vendor:/opt/ros/jazzy/opt/gz_sensors_vendor:/opt/ros/jazzy/opt/gz_physics_vendor:/opt/ros/jazzy/opt/sdformat_vendor:/opt/ros/jazzy/opt/gz_gui_vendor:/opt/ros/jazzy/opt/gz_transport_vendor:/opt/ros/jazzy/opt/gz_rendering_vendor:/opt/ros/jazzy/opt/gz_plugin_vendor:/opt/ros/jazzy/opt/gz_fuel_tools_vendor:/opt/ros/jazzy/opt/gz_msgs_vendor:/opt/ros/jazzy/opt/gz_common_vendor:/opt/ros/jazzy/opt/gz_math_vendor:/opt/ros/jazzy/opt/gz_utils_vendor:/opt/ros/jazzy/opt/gz_tools_vendor:/opt/ros/jazzy/opt/gz_ogre_next_vendor:/opt/ros/jazzy/opt/gz_dartsim_vendor:/opt/ros/jazzy/opt/gz_cmake_vendor:/opt/ros/jazzy LD_LIBRARY_PATH=/home/victus/apriltag_ws/install/apriltag_msgs/lib:${LD_LIBRARY_PATH} PYTHONPATH=/home/victus/apriltag_ws/install/apriltag_msgs/lib/python3.12/site-packages:${PYTHONPATH} /usr/bin/cmake --install /home/victus/apriltag_ws/build/apriltag_ros
[13.920s] -- Install configuration: ""
[13.920s] -- Installing: /home/victus/apriltag_ws/install/apriltag_ros/share/apriltag_ros/environment/library_path.sh
[13.920s] -- Installing: /home/victus/apriltag_ws/install/apriltag_ros/share/apriltag_ros/environment/library_path.dsv
[13.921s] -- Installing: /home/victus/apriltag_ws/install/apriltag_ros/lib/libAprilTagNode.so
[13.924s] -- Set non-toolchain portion of runtime path of "/home/victus/apriltag_ws/install/apriltag_ros/lib/libAprilTagNode.so" to ""
[13.924s] -- Installing: /home/victus/apriltag_ws/install/apriltag_ros/bin/tag_detector
[13.928s] -- Set non-toolchain portion of runtime path of "/home/victus/apriltag_ws/install/apriltag_ros/bin/tag_detector" to ""
[13.928s] -- Installing: /home/victus/apriltag_ws/install/apriltag_ros/share/apriltag_ros/config
[13.928s] -- Installing: /home/victus/apriltag_ws/install/apriltag_ros/share/apriltag_ros/config/tags_36h11_filter.yaml
[13.928s] -- Installing: /home/victus/apriltag_ws/install/apriltag_ros/share/apriltag_ros/config/tags_36h11_multi.yaml
[13.928s] -- Installing: /home/victus/apriltag_ws/install/apriltag_ros/share/apriltag_ros/launch
[13.929s] -- Installing: /home/victus/apriltag_ws/install/apriltag_ros/share/apriltag_ros/launch/tag_detector.launch.py
[13.929s] -- Installing: /home/victus/apriltag_ws/install/apriltag_ros/share/ament_index/resource_index/package_run_dependencies/apriltag_ros
[13.929s] -- Installing: /home/victus/apriltag_ws/install/apriltag_ros/share/ament_index/resource_index/parent_prefix_path/apriltag_ros
[13.929s] -- Installing: /home/victus/apriltag_ws/install/apriltag_ros/share/apriltag_ros/environment/ament_prefix_path.sh
[13.929s] -- Installing: /home/victus/apriltag_ws/install/apriltag_ros/share/apriltag_ros/environment/ament_prefix_path.dsv
[13.929s] -- Installing: /home/victus/apriltag_ws/install/apriltag_ros/share/apriltag_ros/environment/path.sh
[13.929s] -- Installing: /home/victus/apriltag_ws/install/apriltag_ros/share/apriltag_ros/environment/path.dsv
[13.930s] -- Installing: /home/victus/apriltag_ws/install/apriltag_ros/share/apriltag_ros/local_setup.bash
[13.930s] -- Installing: /home/victus/apriltag_ws/install/apriltag_ros/share/apriltag_ros/local_setup.sh
[13.930s] -- Installing: /home/victus/apriltag_ws/install/apriltag_ros/share/apriltag_ros/local_setup.zsh
[13.930s] -- Installing: /home/victus/apriltag_ws/install/apriltag_ros/share/apriltag_ros/local_setup.dsv
[13.930s] -- Installing: /home/victus/apriltag_ws/install/apriltag_ros/share/apriltag_ros/package.dsv
[13.931s] -- Installing: /home/victus/apriltag_ws/install/apriltag_ros/share/ament_index/resource_index/packages/apriltag_ros
[13.931s] -- Installing: /home/victus/apriltag_ws/install/apriltag_ros/share/ament_index/resource_index/rclcpp_components/apriltag_ros
[13.931s] -- Installing: /home/victus/apriltag_ws/install/apriltag_ros/share/apriltag_ros/cmake/ament_cmake_export_dependencies-extras.cmake
[13.931s] -- Installing: /home/victus/apriltag_ws/install/apriltag_ros/share/apriltag_ros/cmake/apriltag_rosConfig.cmake
[13.931s] -- Installing: /home/victus/apriltag_ws/install/apriltag_ros/share/apriltag_ros/cmake/apriltag_rosConfig-version.cmake
[13.931s] -- Installing: /home/victus/apriltag_ws/install/apriltag_ros/share/apriltag_ros/package.xml
[13.934s] Invoked command in '/home/victus/apriltag_ws/build/apriltag_ros' returned '0': AMENT_PREFIX_PATH=/home/victus/apriltag_ws/install/apriltag_msgs:${AMENT_PREFIX_PATH} CMAKE_PREFIX_PATH=/home/victus/apriltag_ws/install/apriltag_msgs:/opt/ros/jazzy/opt/gz_sim_vendor:/opt/ros/jazzy/opt/gz_sensors_vendor:/opt/ros/jazzy/opt/gz_physics_vendor:/opt/ros/jazzy/opt/sdformat_vendor:/opt/ros/jazzy/opt/gz_gui_vendor:/opt/ros/jazzy/opt/gz_transport_vendor:/opt/ros/jazzy/opt/gz_rendering_vendor:/opt/ros/jazzy/opt/gz_plugin_vendor:/opt/ros/jazzy/opt/gz_fuel_tools_vendor:/opt/ros/jazzy/opt/gz_msgs_vendor:/opt/ros/jazzy/opt/gz_common_vendor:/opt/ros/jazzy/opt/gz_math_vendor:/opt/ros/jazzy/opt/gz_utils_vendor:/opt/ros/jazzy/opt/gz_tools_vendor:/opt/ros/jazzy/opt/gz_ogre_next_vendor:/opt/ros/jazzy/opt/gz_dartsim_vendor:/opt/ros/jazzy/opt/gz_cmake_vendor:/opt/ros/jazzy LD_LIBRARY_PATH=/home/victus/apriltag_ws/install/apriltag_msgs/lib:${LD_LIBRARY_PATH} PYTHONPATH=/home/victus/apriltag_ws/install/apriltag_msgs/lib/python3.12/site-packages:${PYTHONPATH} /usr/bin/cmake --install /home/victus/apriltag_ws/build/apriltag_ros
