[0.011s] Invoking command in '/home/victus/apriltag_ws/build/apriltag_msgs': CMAKE_PREFIX_PATH=${CMAKE_PREFIX_PATH}:/home/victus/apriltag_ws/install/apriltag_navigation:/opt/ros/jazzy /usr/bin/cmake --build /home/victus/apriltag_ws/build/apriltag_msgs -- -j12 -l12
[0.074s] [  2%] Built target apriltag_msgs__rosidl_generator_type_description
[0.086s] [  2%] Built target ament_cmake_python_copy_apriltag_msgs
[0.100s] [  4%] Built target apriltag_msgs__cpp
[0.102s] [ 22%] Built target apriltag_msgs__rosidl_generator_c
[0.137s] [ 63%] Built target apriltag_msgs__rosidl_typesupport_fastrtps_c
[0.138s] [ 63%] Built target apriltag_msgs__rosidl_typesupport_fastrtps_cpp
[0.138s] [ 65%] Built target apriltag_msgs__rosidl_typesupport_cpp
[0.138s] [ 65%] Built target apriltag_msgs__rosidl_typesupport_introspection_c
[0.138s] [ 75%] Built target apriltag_msgs__rosidl_typesupport_introspection_cpp
[0.139s] [ 77%] Built target apriltag_msgs__rosidl_typesupport_c
[0.169s] [ 77%] Built target apriltag_msgs
[0.195s] [ 79%] Built target apriltag_msgs__py
[0.226s] [ 86%] Built target apriltag_msgs__rosidl_generator_py
[0.251s] [ 97%] Built target apriltag_msgs_s__rosidl_typesupport_fastrtps_c
[0.251s] [ 97%] Built target apriltag_msgs_s__rosidl_typesupport_c
[0.251s] [100%] Built target apriltag_msgs_s__rosidl_typesupport_introspection_c
[0.349s] running egg_info
[0.373s] writing apriltag_msgs.egg-info/PKG-INFO
[0.374s] writing dependency_links to apriltag_msgs.egg-info/dependency_links.txt
[0.374s] writing top-level names to apriltag_msgs.egg-info/top_level.txt
[0.443s] reading manifest file 'apriltag_msgs.egg-info/SOURCES.txt'
[0.444s] writing manifest file 'apriltag_msgs.egg-info/SOURCES.txt'
[0.478s] [100%] Built target ament_cmake_python_build_apriltag_msgs_egg
[0.496s] Invoked command in '/home/victus/apriltag_ws/build/apriltag_msgs' returned '0': CMAKE_PREFIX_PATH=${CMAKE_PREFIX_PATH}:/home/victus/apriltag_ws/install/apriltag_navigation:/opt/ros/jazzy /usr/bin/cmake --build /home/victus/apriltag_ws/build/apriltag_msgs -- -j12 -l12
[0.509s] Invoking command in '/home/victus/apriltag_ws/build/apriltag_msgs': CMAKE_PREFIX_PATH=${CMAKE_PREFIX_PATH}:/home/victus/apriltag_ws/install/apriltag_navigation:/opt/ros/jazzy /usr/bin/cmake --install /home/victus/apriltag_ws/build/apriltag_msgs
[0.518s] -- Install configuration: ""
[0.519s] -- Up-to-date: /home/victus/apriltag_ws/install/apriltag_msgs/share/ament_index/resource_index/rosidl_interfaces/apriltag_msgs
[0.519s] -- Up-to-date: /home/victus/apriltag_ws/install/apriltag_msgs/share/apriltag_msgs/msg/AprilTagDetectionArray.json
[0.519s] -- Up-to-date: /home/victus/apriltag_ws/install/apriltag_msgs/share/apriltag_msgs/msg/AprilTagDetection.json
[0.519s] -- Up-to-date: /home/victus/apriltag_ws/install/apriltag_msgs/include/apriltag_msgs/apriltag_msgs
[0.519s] -- Up-to-date: /home/victus/apriltag_ws/install/apriltag_msgs/include/apriltag_msgs/apriltag_msgs/msg
[0.519s] -- Up-to-date: /home/victus/apriltag_ws/install/apriltag_msgs/include/apriltag_msgs/apriltag_msgs/msg/detail
[0.519s] -- Up-to-date: /home/victus/apriltag_ws/install/apriltag_msgs/include/apriltag_msgs/apriltag_msgs/msg/detail/april_tag_detection_array__functions.h
[0.519s] -- Up-to-date: /home/victus/apriltag_ws/install/apriltag_msgs/include/apriltag_msgs/apriltag_msgs/msg/detail/april_tag_detection__type_support.h
[0.519s] -- Up-to-date: /home/victus/apriltag_ws/install/apriltag_msgs/include/apriltag_msgs/apriltag_msgs/msg/detail/april_tag_detection__type_support.c
[0.520s] -- Up-to-date: /home/victus/apriltag_ws/install/apriltag_msgs/include/apriltag_msgs/apriltag_msgs/msg/detail/april_tag_detection__struct.h
[0.520s] -- Up-to-date: /home/victus/apriltag_ws/install/apriltag_msgs/include/apriltag_msgs/apriltag_msgs/msg/detail/april_tag_detection_array__type_support.c
[0.520s] -- Up-to-date: /home/victus/apriltag_ws/install/apriltag_msgs/include/apriltag_msgs/apriltag_msgs/msg/detail/april_tag_detection_array__type_support.h
[0.520s] -- Up-to-date: /home/victus/apriltag_ws/install/apriltag_msgs/include/apriltag_msgs/apriltag_msgs/msg/detail/april_tag_detection__description.c
[0.520s] -- Up-to-date: /home/victus/apriltag_ws/install/apriltag_msgs/include/apriltag_msgs/apriltag_msgs/msg/detail/april_tag_detection_array__struct.h
[0.520s] -- Up-to-date: /home/victus/apriltag_ws/install/apriltag_msgs/include/apriltag_msgs/apriltag_msgs/msg/detail/april_tag_detection__functions.h
[0.520s] -- Up-to-date: /home/victus/apriltag_ws/install/apriltag_msgs/include/apriltag_msgs/apriltag_msgs/msg/detail/april_tag_detection_array__description.c
[0.521s] -- Up-to-date: /home/victus/apriltag_ws/install/apriltag_msgs/include/apriltag_msgs/apriltag_msgs/msg/detail/april_tag_detection__functions.c
[0.521s] -- Up-to-date: /home/victus/apriltag_ws/install/apriltag_msgs/include/apriltag_msgs/apriltag_msgs/msg/detail/april_tag_detection_array__functions.c
[0.521s] -- Up-to-date: /home/victus/apriltag_ws/install/apriltag_msgs/include/apriltag_msgs/apriltag_msgs/msg/april_tag_detection.h
[0.521s] -- Up-to-date: /home/victus/apriltag_ws/install/apriltag_msgs/include/apriltag_msgs/apriltag_msgs/msg/rosidl_generator_c__visibility_control.h
[0.521s] -- Up-to-date: /home/victus/apriltag_ws/install/apriltag_msgs/include/apriltag_msgs/apriltag_msgs/msg/april_tag_detection_array.h
[0.521s] -- Up-to-date: /home/victus/apriltag_ws/install/apriltag_msgs/share/apriltag_msgs/environment/library_path.sh
[0.521s] -- Up-to-date: /home/victus/apriltag_ws/install/apriltag_msgs/share/apriltag_msgs/environment/library_path.dsv
[0.522s] -- Up-to-date: /home/victus/apriltag_ws/install/apriltag_msgs/lib/libapriltag_msgs__rosidl_generator_c.so
[0.522s] -- Up-to-date: /home/victus/apriltag_ws/install/apriltag_msgs/include/apriltag_msgs/apriltag_msgs
[0.522s] -- Up-to-date: /home/victus/apriltag_ws/install/apriltag_msgs/include/apriltag_msgs/apriltag_msgs/msg
[0.522s] -- Up-to-date: /home/victus/apriltag_ws/install/apriltag_msgs/include/apriltag_msgs/apriltag_msgs/msg/detail
[0.522s] -- Up-to-date: /home/victus/apriltag_ws/install/apriltag_msgs/include/apriltag_msgs/apriltag_msgs/msg/detail/april_tag_detection__rosidl_typesupport_fastrtps_c.h
[0.522s] -- Up-to-date: /home/victus/apriltag_ws/install/apriltag_msgs/include/apriltag_msgs/apriltag_msgs/msg/detail/april_tag_detection_array__rosidl_typesupport_fastrtps_c.h
[0.523s] -- Up-to-date: /home/victus/apriltag_ws/install/apriltag_msgs/include/apriltag_msgs/apriltag_msgs/msg/rosidl_typesupport_fastrtps_c__visibility_control.h
[0.523s] -- Up-to-date: /home/victus/apriltag_ws/install/apriltag_msgs/lib/libapriltag_msgs__rosidl_typesupport_fastrtps_c.so
[0.523s] -- Up-to-date: /home/victus/apriltag_ws/install/apriltag_msgs/include/apriltag_msgs/apriltag_msgs
[0.523s] -- Up-to-date: /home/victus/apriltag_ws/install/apriltag_msgs/include/apriltag_msgs/apriltag_msgs/msg
[0.523s] -- Up-to-date: /home/victus/apriltag_ws/install/apriltag_msgs/include/apriltag_msgs/apriltag_msgs/msg/detail
[0.523s] -- Up-to-date: /home/victus/apriltag_ws/install/apriltag_msgs/include/apriltag_msgs/apriltag_msgs/msg/detail/april_tag_detection__builder.hpp
[0.524s] -- Up-to-date: /home/victus/apriltag_ws/install/apriltag_msgs/include/apriltag_msgs/apriltag_msgs/msg/detail/april_tag_detection__struct.hpp
[0.524s] -- Up-to-date: /home/victus/apriltag_ws/install/apriltag_msgs/include/apriltag_msgs/apriltag_msgs/msg/detail/april_tag_detection_array__struct.hpp
[0.524s] -- Up-to-date: /home/victus/apriltag_ws/install/apriltag_msgs/include/apriltag_msgs/apriltag_msgs/msg/detail/april_tag_detection_array__type_support.hpp
[0.524s] -- Up-to-date: /home/victus/apriltag_ws/install/apriltag_msgs/include/apriltag_msgs/apriltag_msgs/msg/detail/april_tag_detection__traits.hpp
[0.524s] -- Up-to-date: /home/victus/apriltag_ws/install/apriltag_msgs/include/apriltag_msgs/apriltag_msgs/msg/detail/april_tag_detection_array__traits.hpp
[0.524s] -- Up-to-date: /home/victus/apriltag_ws/install/apriltag_msgs/include/apriltag_msgs/apriltag_msgs/msg/detail/april_tag_detection__type_support.hpp
[0.524s] -- Up-to-date: /home/victus/apriltag_ws/install/apriltag_msgs/include/apriltag_msgs/apriltag_msgs/msg/detail/april_tag_detection_array__builder.hpp
[0.525s] -- Up-to-date: /home/victus/apriltag_ws/install/apriltag_msgs/include/apriltag_msgs/apriltag_msgs/msg/rosidl_generator_cpp__visibility_control.hpp
[0.525s] -- Up-to-date: /home/victus/apriltag_ws/install/apriltag_msgs/include/apriltag_msgs/apriltag_msgs/msg/april_tag_detection.hpp
[0.525s] -- Up-to-date: /home/victus/apriltag_ws/install/apriltag_msgs/include/apriltag_msgs/apriltag_msgs/msg/april_tag_detection_array.hpp
[0.525s] -- Up-to-date: /home/victus/apriltag_ws/install/apriltag_msgs/include/apriltag_msgs/apriltag_msgs
[0.525s] -- Up-to-date: /home/victus/apriltag_ws/install/apriltag_msgs/include/apriltag_msgs/apriltag_msgs/msg
[0.525s] -- Up-to-date: /home/victus/apriltag_ws/install/apriltag_msgs/include/apriltag_msgs/apriltag_msgs/msg/detail
[0.525s] -- Up-to-date: /home/victus/apriltag_ws/install/apriltag_msgs/include/apriltag_msgs/apriltag_msgs/msg/detail/april_tag_detection__rosidl_typesupport_fastrtps_cpp.hpp
[0.525s] -- Up-to-date: /home/victus/apriltag_ws/install/apriltag_msgs/include/apriltag_msgs/apriltag_msgs/msg/detail/dds_fastrtps
[0.526s] -- Up-to-date: /home/victus/apriltag_ws/install/apriltag_msgs/include/apriltag_msgs/apriltag_msgs/msg/detail/april_tag_detection_array__rosidl_typesupport_fastrtps_cpp.hpp
[0.526s] -- Up-to-date: /home/victus/apriltag_ws/install/apriltag_msgs/include/apriltag_msgs/apriltag_msgs/msg/rosidl_typesupport_fastrtps_cpp__visibility_control.h
[0.526s] -- Up-to-date: /home/victus/apriltag_ws/install/apriltag_msgs/lib/libapriltag_msgs__rosidl_typesupport_fastrtps_cpp.so
[0.526s] -- Up-to-date: /home/victus/apriltag_ws/install/apriltag_msgs/include/apriltag_msgs/apriltag_msgs
[0.526s] -- Up-to-date: /home/victus/apriltag_ws/install/apriltag_msgs/include/apriltag_msgs/apriltag_msgs/msg
[0.526s] -- Up-to-date: /home/victus/apriltag_ws/install/apriltag_msgs/include/apriltag_msgs/apriltag_msgs/msg/detail
[0.526s] -- Up-to-date: /home/victus/apriltag_ws/install/apriltag_msgs/include/apriltag_msgs/apriltag_msgs/msg/detail/april_tag_detection__type_support.c
[0.527s] -- Up-to-date: /home/victus/apriltag_ws/install/apriltag_msgs/include/apriltag_msgs/apriltag_msgs/msg/detail/april_tag_detection_array__type_support.c
[0.527s] -- Up-to-date: /home/victus/apriltag_ws/install/apriltag_msgs/include/apriltag_msgs/apriltag_msgs/msg/detail/april_tag_detection_array__rosidl_typesupport_introspection_c.h
[0.527s] -- Up-to-date: /home/victus/apriltag_ws/install/apriltag_msgs/include/apriltag_msgs/apriltag_msgs/msg/detail/april_tag_detection__rosidl_typesupport_introspection_c.h
[0.527s] -- Up-to-date: /home/victus/apriltag_ws/install/apriltag_msgs/include/apriltag_msgs/apriltag_msgs/msg/rosidl_typesupport_introspection_c__visibility_control.h
[0.527s] -- Up-to-date: /home/victus/apriltag_ws/install/apriltag_msgs/lib/libapriltag_msgs__rosidl_typesupport_introspection_c.so
[0.527s] -- Up-to-date: /home/victus/apriltag_ws/install/apriltag_msgs/lib/libapriltag_msgs__rosidl_typesupport_c.so
[0.527s] -- Up-to-date: /home/victus/apriltag_ws/install/apriltag_msgs/include/apriltag_msgs/apriltag_msgs
[0.527s] -- Up-to-date: /home/victus/apriltag_ws/install/apriltag_msgs/include/apriltag_msgs/apriltag_msgs/msg
[0.527s] -- Up-to-date: /home/victus/apriltag_ws/install/apriltag_msgs/include/apriltag_msgs/apriltag_msgs/msg/detail
[0.528s] -- Up-to-date: /home/victus/apriltag_ws/install/apriltag_msgs/include/apriltag_msgs/apriltag_msgs/msg/detail/april_tag_detection_array__type_support.cpp
[0.528s] -- Up-to-date: /home/victus/apriltag_ws/install/apriltag_msgs/include/apriltag_msgs/apriltag_msgs/msg/detail/april_tag_detection_array__rosidl_typesupport_introspection_cpp.hpp
[0.528s] -- Up-to-date: /home/victus/apriltag_ws/install/apriltag_msgs/include/apriltag_msgs/apriltag_msgs/msg/detail/april_tag_detection__rosidl_typesupport_introspection_cpp.hpp
[0.528s] -- Up-to-date: /home/victus/apriltag_ws/install/apriltag_msgs/include/apriltag_msgs/apriltag_msgs/msg/detail/april_tag_detection__type_support.cpp
[0.528s] -- Up-to-date: /home/victus/apriltag_ws/install/apriltag_msgs/lib/libapriltag_msgs__rosidl_typesupport_introspection_cpp.so
[0.528s] -- Up-to-date: /home/victus/apriltag_ws/install/apriltag_msgs/lib/libapriltag_msgs__rosidl_typesupport_cpp.so
[0.528s] -- Up-to-date: /home/victus/apriltag_ws/install/apriltag_msgs/share/apriltag_msgs/environment/pythonpath.sh
[0.528s] -- Up-to-date: /home/victus/apriltag_ws/install/apriltag_msgs/share/apriltag_msgs/environment/pythonpath.dsv
[0.528s] -- Up-to-date: /home/victus/apriltag_ws/install/apriltag_msgs/lib/python3.12/site-packages/apriltag_msgs-0.0.0-py3.12.egg-info
[0.528s] -- Installing: /home/victus/apriltag_ws/install/apriltag_msgs/lib/python3.12/site-packages/apriltag_msgs-0.0.0-py3.12.egg-info/SOURCES.txt
[0.529s] -- Installing: /home/victus/apriltag_ws/install/apriltag_msgs/lib/python3.12/site-packages/apriltag_msgs-0.0.0-py3.12.egg-info/PKG-INFO
[0.529s] -- Installing: /home/victus/apriltag_ws/install/apriltag_msgs/lib/python3.12/site-packages/apriltag_msgs-0.0.0-py3.12.egg-info/dependency_links.txt
[0.529s] -- Installing: /home/victus/apriltag_ws/install/apriltag_msgs/lib/python3.12/site-packages/apriltag_msgs-0.0.0-py3.12.egg-info/top_level.txt
[0.529s] -- Up-to-date: /home/victus/apriltag_ws/install/apriltag_msgs/lib/python3.12/site-packages/apriltag_msgs
[0.529s] -- Up-to-date: /home/victus/apriltag_ws/install/apriltag_msgs/lib/python3.12/site-packages/apriltag_msgs/__init__.py
[0.529s] -- Up-to-date: /home/victus/apriltag_ws/install/apriltag_msgs/lib/python3.12/site-packages/apriltag_msgs/apriltag_msgs_s__rosidl_typesupport_c.so
[0.529s] -- Up-to-date: /home/victus/apriltag_ws/install/apriltag_msgs/lib/python3.12/site-packages/apriltag_msgs/_apriltag_msgs_s.ep.rosidl_typesupport_introspection_c.c
[0.529s] -- Up-to-date: /home/victus/apriltag_ws/install/apriltag_msgs/lib/python3.12/site-packages/apriltag_msgs/_apriltag_msgs_s.ep.rosidl_typesupport_c.c
[0.530s] -- Up-to-date: /home/victus/apriltag_ws/install/apriltag_msgs/lib/python3.12/site-packages/apriltag_msgs/apriltag_msgs_s__rosidl_typesupport_introspection_c.so
[0.530s] -- Up-to-date: /home/victus/apriltag_ws/install/apriltag_msgs/lib/python3.12/site-packages/apriltag_msgs/_apriltag_msgs_s.ep.rosidl_typesupport_fastrtps_c.c
[0.530s] -- Up-to-date: /home/victus/apriltag_ws/install/apriltag_msgs/lib/python3.12/site-packages/apriltag_msgs/apriltag_msgs_s__rosidl_typesupport_fastrtps_c.so
[0.530s] -- Up-to-date: /home/victus/apriltag_ws/install/apriltag_msgs/lib/python3.12/site-packages/apriltag_msgs/msg
[0.530s] -- Up-to-date: /home/victus/apriltag_ws/install/apriltag_msgs/lib/python3.12/site-packages/apriltag_msgs/msg/__init__.py
[0.530s] -- Up-to-date: /home/victus/apriltag_ws/install/apriltag_msgs/lib/python3.12/site-packages/apriltag_msgs/msg/_april_tag_detection_s.c
[0.530s] -- Up-to-date: /home/victus/apriltag_ws/install/apriltag_msgs/lib/python3.12/site-packages/apriltag_msgs/msg/_april_tag_detection_array_s.c
[0.530s] -- Up-to-date: /home/victus/apriltag_ws/install/apriltag_msgs/lib/python3.12/site-packages/apriltag_msgs/msg/_april_tag_detection.py
[0.530s] -- Up-to-date: /home/victus/apriltag_ws/install/apriltag_msgs/lib/python3.12/site-packages/apriltag_msgs/msg/_april_tag_detection_array.py
[0.562s] Listing '/home/victus/apriltag_ws/install/apriltag_msgs/lib/python3.12/site-packages/apriltag_msgs'...
[0.562s] Listing '/home/victus/apriltag_ws/install/apriltag_msgs/lib/python3.12/site-packages/apriltag_msgs/msg'...
[0.568s] -- Up-to-date: /home/victus/apriltag_ws/install/apriltag_msgs/lib/python3.12/site-packages/apriltag_msgs/apriltag_msgs_s__rosidl_typesupport_fastrtps_c.so
[0.568s] -- Up-to-date: /home/victus/apriltag_ws/install/apriltag_msgs/lib/python3.12/site-packages/apriltag_msgs/apriltag_msgs_s__rosidl_typesupport_introspection_c.so
[0.569s] -- Up-to-date: /home/victus/apriltag_ws/install/apriltag_msgs/lib/python3.12/site-packages/apriltag_msgs/apriltag_msgs_s__rosidl_typesupport_c.so
[0.569s] -- Up-to-date: /home/victus/apriltag_ws/install/apriltag_msgs/lib/libapriltag_msgs__rosidl_generator_py.so
[0.569s] -- Up-to-date: /home/victus/apriltag_ws/install/apriltag_msgs/share/apriltag_msgs/msg/AprilTagDetectionArray.idl
[0.569s] -- Up-to-date: /home/victus/apriltag_ws/install/apriltag_msgs/share/apriltag_msgs/msg/AprilTagDetection.idl
[0.570s] -- Up-to-date: /home/victus/apriltag_ws/install/apriltag_msgs/share/apriltag_msgs/msg/AprilTagDetectionArray.msg
[0.570s] -- Up-to-date: /home/victus/apriltag_ws/install/apriltag_msgs/share/apriltag_msgs/msg/AprilTagDetection.msg
[0.570s] -- Up-to-date: /home/victus/apriltag_ws/install/apriltag_msgs/share/ament_index/resource_index/package_run_dependencies/apriltag_msgs
[0.570s] -- Up-to-date: /home/victus/apriltag_ws/install/apriltag_msgs/share/ament_index/resource_index/parent_prefix_path/apriltag_msgs
[0.570s] -- Up-to-date: /home/victus/apriltag_ws/install/apriltag_msgs/share/apriltag_msgs/environment/ament_prefix_path.sh
[0.570s] -- Up-to-date: /home/victus/apriltag_ws/install/apriltag_msgs/share/apriltag_msgs/environment/ament_prefix_path.dsv
[0.570s] -- Up-to-date: /home/victus/apriltag_ws/install/apriltag_msgs/share/apriltag_msgs/environment/path.sh
[0.571s] -- Up-to-date: /home/victus/apriltag_ws/install/apriltag_msgs/share/apriltag_msgs/environment/path.dsv
[0.571s] -- Up-to-date: /home/victus/apriltag_ws/install/apriltag_msgs/share/apriltag_msgs/local_setup.bash
[0.571s] -- Up-to-date: /home/victus/apriltag_ws/install/apriltag_msgs/share/apriltag_msgs/local_setup.sh
[0.571s] -- Up-to-date: /home/victus/apriltag_ws/install/apriltag_msgs/share/apriltag_msgs/local_setup.zsh
[0.571s] -- Up-to-date: /home/victus/apriltag_ws/install/apriltag_msgs/share/apriltag_msgs/local_setup.dsv
[0.571s] -- Installing: /home/victus/apriltag_ws/install/apriltag_msgs/share/apriltag_msgs/package.dsv
[0.571s] -- Up-to-date: /home/victus/apriltag_ws/install/apriltag_msgs/share/ament_index/resource_index/packages/apriltag_msgs
[0.571s] -- Up-to-date: /home/victus/apriltag_ws/install/apriltag_msgs/share/apriltag_msgs/cmake/export_apriltag_msgs__rosidl_generator_cExport.cmake
[0.571s] -- Up-to-date: /home/victus/apriltag_ws/install/apriltag_msgs/share/apriltag_msgs/cmake/export_apriltag_msgs__rosidl_generator_cExport-noconfig.cmake
[0.572s] -- Up-to-date: /home/victus/apriltag_ws/install/apriltag_msgs/share/apriltag_msgs/cmake/export_apriltag_msgs__rosidl_typesupport_fastrtps_cExport.cmake
[0.572s] -- Up-to-date: /home/victus/apriltag_ws/install/apriltag_msgs/share/apriltag_msgs/cmake/export_apriltag_msgs__rosidl_typesupport_fastrtps_cExport-noconfig.cmake
[0.572s] -- Up-to-date: /home/victus/apriltag_ws/install/apriltag_msgs/share/apriltag_msgs/cmake/export_apriltag_msgs__rosidl_generator_cppExport.cmake
[0.572s] -- Up-to-date: /home/victus/apriltag_ws/install/apriltag_msgs/share/apriltag_msgs/cmake/export_apriltag_msgs__rosidl_typesupport_fastrtps_cppExport.cmake
[0.572s] -- Up-to-date: /home/victus/apriltag_ws/install/apriltag_msgs/share/apriltag_msgs/cmake/export_apriltag_msgs__rosidl_typesupport_fastrtps_cppExport-noconfig.cmake
[0.572s] -- Up-to-date: /home/victus/apriltag_ws/install/apriltag_msgs/share/apriltag_msgs/cmake/apriltag_msgs__rosidl_typesupport_introspection_cExport.cmake
[0.572s] -- Up-to-date: /home/victus/apriltag_ws/install/apriltag_msgs/share/apriltag_msgs/cmake/apriltag_msgs__rosidl_typesupport_introspection_cExport-noconfig.cmake
[0.572s] -- Up-to-date: /home/victus/apriltag_ws/install/apriltag_msgs/share/apriltag_msgs/cmake/apriltag_msgs__rosidl_typesupport_cExport.cmake
[0.572s] -- Up-to-date: /home/victus/apriltag_ws/install/apriltag_msgs/share/apriltag_msgs/cmake/apriltag_msgs__rosidl_typesupport_cExport-noconfig.cmake
[0.572s] -- Up-to-date: /home/victus/apriltag_ws/install/apriltag_msgs/share/apriltag_msgs/cmake/apriltag_msgs__rosidl_typesupport_introspection_cppExport.cmake
[0.572s] -- Up-to-date: /home/victus/apriltag_ws/install/apriltag_msgs/share/apriltag_msgs/cmake/apriltag_msgs__rosidl_typesupport_introspection_cppExport-noconfig.cmake
[0.573s] -- Up-to-date: /home/victus/apriltag_ws/install/apriltag_msgs/share/apriltag_msgs/cmake/apriltag_msgs__rosidl_typesupport_cppExport.cmake
[0.573s] -- Up-to-date: /home/victus/apriltag_ws/install/apriltag_msgs/share/apriltag_msgs/cmake/apriltag_msgs__rosidl_typesupport_cppExport-noconfig.cmake
[0.573s] -- Up-to-date: /home/victus/apriltag_ws/install/apriltag_msgs/share/apriltag_msgs/cmake/export_apriltag_msgs__rosidl_generator_pyExport.cmake
[0.573s] -- Up-to-date: /home/victus/apriltag_ws/install/apriltag_msgs/share/apriltag_msgs/cmake/export_apriltag_msgs__rosidl_generator_pyExport-noconfig.cmake
[0.573s] -- Up-to-date: /home/victus/apriltag_ws/install/apriltag_msgs/share/apriltag_msgs/cmake/rosidl_cmake-extras.cmake
[0.573s] -- Up-to-date: /home/victus/apriltag_ws/install/apriltag_msgs/share/apriltag_msgs/cmake/ament_cmake_export_dependencies-extras.cmake
[0.573s] -- Up-to-date: /home/victus/apriltag_ws/install/apriltag_msgs/share/apriltag_msgs/cmake/ament_cmake_export_include_directories-extras.cmake
[0.573s] -- Up-to-date: /home/victus/apriltag_ws/install/apriltag_msgs/share/apriltag_msgs/cmake/ament_cmake_export_libraries-extras.cmake
[0.573s] -- Up-to-date: /home/victus/apriltag_ws/install/apriltag_msgs/share/apriltag_msgs/cmake/ament_cmake_export_targets-extras.cmake
[0.573s] -- Up-to-date: /home/victus/apriltag_ws/install/apriltag_msgs/share/apriltag_msgs/cmake/rosidl_cmake_export_typesupport_targets-extras.cmake
[0.573s] -- Up-to-date: /home/victus/apriltag_ws/install/apriltag_msgs/share/apriltag_msgs/cmake/rosidl_cmake_export_typesupport_libraries-extras.cmake
[0.574s] -- Up-to-date: /home/victus/apriltag_ws/install/apriltag_msgs/share/apriltag_msgs/cmake/apriltag_msgsConfig.cmake
[0.574s] -- Up-to-date: /home/victus/apriltag_ws/install/apriltag_msgs/share/apriltag_msgs/cmake/apriltag_msgsConfig-version.cmake
[0.574s] -- Up-to-date: /home/victus/apriltag_ws/install/apriltag_msgs/share/apriltag_msgs/package.xml
[0.575s] Invoked command in '/home/victus/apriltag_ws/build/apriltag_msgs' returned '0': CMAKE_PREFIX_PATH=${CMAKE_PREFIX_PATH}:/home/victus/apriltag_ws/install/apriltag_navigation:/opt/ros/jazzy /usr/bin/cmake --install /home/victus/apriltag_ws/build/apriltag_msgs
