running egg_info
writing ../../build/apriltag_navigation/apriltag_navigation.egg-info/PKG-INFO
writing dependency_links to ../../build/apriltag_navigation/apriltag_navigation.egg-info/dependency_links.txt
writing entry points to ../../build/apriltag_navigation/apriltag_navigation.egg-info/entry_points.txt
writing requirements to ../../build/apriltag_navigation/apriltag_navigation.egg-info/requires.txt
writing top-level names to ../../build/apriltag_navigation/apriltag_navigation.egg-info/top_level.txt
reading manifest file '../../build/apriltag_navigation/apriltag_navigation.egg-info/SOURCES.txt'
writing manifest file '../../build/apriltag_navigation/apriltag_navigation.egg-info/SOURCES.txt'
running build
running build_py
copying apriltag_navigation/__init__.py -> /home/victus/apriltag_ws/build/apriltag_navigation/build/lib/apriltag_navigation
copying apriltag_navigation/apriltag_navigator.py -> /home/victus/apriltag_ws/build/apriltag_navigation/build/lib/apriltag_navigation
running install
running install_lib
copying /home/victus/apriltag_ws/build/apriltag_navigation/build/lib/apriltag_navigation/__init__.py -> /home/victus/apriltag_ws/install/apriltag_navigation/lib/python3.12/site-packages/apriltag_navigation
copying /home/victus/apriltag_ws/build/apriltag_navigation/build/lib/apriltag_navigation/apriltag_navigator.py -> /home/victus/apriltag_ws/install/apriltag_navigation/lib/python3.12/site-packages/apriltag_navigation
byte-compiling /home/victus/apriltag_ws/install/apriltag_navigation/lib/python3.12/site-packages/apriltag_navigation/__init__.py to __init__.cpython-312.pyc
byte-compiling /home/victus/apriltag_ws/install/apriltag_navigation/lib/python3.12/site-packages/apriltag_navigation/apriltag_navigator.py to apriltag_navigator.cpython-312.pyc
running install_data
copying resource/apriltag_navigation -> /home/victus/apriltag_ws/install/apriltag_navigation/share/ament_index/resource_index/packages
copying package.xml -> /home/victus/apriltag_ws/install/apriltag_navigation/share/apriltag_navigation
creating /home/victus/apriltag_ws/install/apriltag_navigation/share/apriltag_navigation/launch
copying launch/navigation.launch.py -> /home/victus/apriltag_ws/install/apriltag_navigation/share/apriltag_navigation/launch
creating /home/victus/apriltag_ws/install/apriltag_navigation/share/apriltag_navigation/worlds
error: can't copy 'worlds/apriltag_world.sdf': doesn't exist or not a regular file
