[0.010s] Invoking command in '/home/victus/apriltag_ws/build/apriltag_ros': AMENT_PREFIX_PATH=/home/victus/apriltag_ws/install/apriltag_msgs:${AMENT_PREFIX_PATH} CMAKE_PREFIX_PATH=/home/victus/apriltag_ws/install/apriltag_msgs:/opt/ros/jazzy/opt/gz_sim_vendor:/opt/ros/jazzy/opt/gz_sensors_vendor:/opt/ros/jazzy/opt/gz_physics_vendor:/opt/ros/jazzy/opt/sdformat_vendor:/opt/ros/jazzy/opt/gz_gui_vendor:/opt/ros/jazzy/opt/gz_transport_vendor:/opt/ros/jazzy/opt/gz_rendering_vendor:/opt/ros/jazzy/opt/gz_plugin_vendor:/opt/ros/jazzy/opt/gz_fuel_tools_vendor:/opt/ros/jazzy/opt/gz_msgs_vendor:/opt/ros/jazzy/opt/gz_common_vendor:/opt/ros/jazzy/opt/gz_math_vendor:/opt/ros/jazzy/opt/gz_utils_vendor:/opt/ros/jazzy/opt/gz_tools_vendor:/opt/ros/jazzy/opt/gz_ogre_next_vendor:/opt/ros/jazzy/opt/gz_dartsim_vendor:/opt/ros/jazzy/opt/gz_cmake_vendor:/opt/ros/jazzy LD_LIBRARY_PATH=/home/victus/apriltag_ws/install/apriltag_msgs/lib:${LD_LIBRARY_PATH} PYTHONPATH=/home/victus/apriltag_ws/install/apriltag_msgs/lib/python3.12/site-packages:${PYTHONPATH} /usr/bin/cmake --build /home/victus/apriltag_ws/build/apriltag_ros -- -j12 -l12
[0.073s] [100%] Built target tag_detector
[0.073s] [100%] Built target AprilTagNode
[0.085s] Invoked command in '/home/victus/apriltag_ws/build/apriltag_ros' returned '0': AMENT_PREFIX_PATH=/home/victus/apriltag_ws/install/apriltag_msgs:${AMENT_PREFIX_PATH} CMAKE_PREFIX_PATH=/home/victus/apriltag_ws/install/apriltag_msgs:/opt/ros/jazzy/opt/gz_sim_vendor:/opt/ros/jazzy/opt/gz_sensors_vendor:/opt/ros/jazzy/opt/gz_physics_vendor:/opt/ros/jazzy/opt/sdformat_vendor:/opt/ros/jazzy/opt/gz_gui_vendor:/opt/ros/jazzy/opt/gz_transport_vendor:/opt/ros/jazzy/opt/gz_rendering_vendor:/opt/ros/jazzy/opt/gz_plugin_vendor:/opt/ros/jazzy/opt/gz_fuel_tools_vendor:/opt/ros/jazzy/opt/gz_msgs_vendor:/opt/ros/jazzy/opt/gz_common_vendor:/opt/ros/jazzy/opt/gz_math_vendor:/opt/ros/jazzy/opt/gz_utils_vendor:/opt/ros/jazzy/opt/gz_tools_vendor:/opt/ros/jazzy/opt/gz_ogre_next_vendor:/opt/ros/jazzy/opt/gz_dartsim_vendor:/opt/ros/jazzy/opt/gz_cmake_vendor:/opt/ros/jazzy LD_LIBRARY_PATH=/home/victus/apriltag_ws/install/apriltag_msgs/lib:${LD_LIBRARY_PATH} PYTHONPATH=/home/victus/apriltag_ws/install/apriltag_msgs/lib/python3.12/site-packages:${PYTHONPATH} /usr/bin/cmake --build /home/victus/apriltag_ws/build/apriltag_ros -- -j12 -l12
[0.086s] Invoking command in '/home/victus/apriltag_ws/build/apriltag_ros': AMENT_PREFIX_PATH=/home/victus/apriltag_ws/install/apriltag_msgs:${AMENT_PREFIX_PATH} CMAKE_PREFIX_PATH=/home/victus/apriltag_ws/install/apriltag_msgs:/opt/ros/jazzy/opt/gz_sim_vendor:/opt/ros/jazzy/opt/gz_sensors_vendor:/opt/ros/jazzy/opt/gz_physics_vendor:/opt/ros/jazzy/opt/sdformat_vendor:/opt/ros/jazzy/opt/gz_gui_vendor:/opt/ros/jazzy/opt/gz_transport_vendor:/opt/ros/jazzy/opt/gz_rendering_vendor:/opt/ros/jazzy/opt/gz_plugin_vendor:/opt/ros/jazzy/opt/gz_fuel_tools_vendor:/opt/ros/jazzy/opt/gz_msgs_vendor:/opt/ros/jazzy/opt/gz_common_vendor:/opt/ros/jazzy/opt/gz_math_vendor:/opt/ros/jazzy/opt/gz_utils_vendor:/opt/ros/jazzy/opt/gz_tools_vendor:/opt/ros/jazzy/opt/gz_ogre_next_vendor:/opt/ros/jazzy/opt/gz_dartsim_vendor:/opt/ros/jazzy/opt/gz_cmake_vendor:/opt/ros/jazzy LD_LIBRARY_PATH=/home/victus/apriltag_ws/install/apriltag_msgs/lib:${LD_LIBRARY_PATH} PYTHONPATH=/home/victus/apriltag_ws/install/apriltag_msgs/lib/python3.12/site-packages:${PYTHONPATH} /usr/bin/cmake --install /home/victus/apriltag_ws/build/apriltag_ros
[0.093s] -- Install configuration: ""
[0.094s] -- Up-to-date: /home/victus/apriltag_ws/install/apriltag_ros/share/apriltag_ros/environment/library_path.sh
[0.094s] -- Up-to-date: /home/victus/apriltag_ws/install/apriltag_ros/share/apriltag_ros/environment/library_path.dsv
[0.094s] -- Up-to-date: /home/victus/apriltag_ws/install/apriltag_ros/lib/libAprilTagNode.so
[0.094s] -- Up-to-date: /home/victus/apriltag_ws/install/apriltag_ros/bin/tag_detector
[0.094s] -- Up-to-date: /home/victus/apriltag_ws/install/apriltag_ros/share/apriltag_ros/config
[0.094s] -- Up-to-date: /home/victus/apriltag_ws/install/apriltag_ros/share/apriltag_ros/config/tags_36h11_filter.yaml
[0.094s] -- Up-to-date: /home/victus/apriltag_ws/install/apriltag_ros/share/apriltag_ros/config/tags_36h11_multi.yaml
[0.095s] -- Up-to-date: /home/victus/apriltag_ws/install/apriltag_ros/share/apriltag_ros/launch
[0.095s] -- Up-to-date: /home/victus/apriltag_ws/install/apriltag_ros/share/apriltag_ros/launch/tag_detector.launch.py
[0.095s] -- Up-to-date: /home/victus/apriltag_ws/install/apriltag_ros/share/ament_index/resource_index/package_run_dependencies/apriltag_ros
[0.095s] -- Up-to-date: /home/victus/apriltag_ws/install/apriltag_ros/share/ament_index/resource_index/parent_prefix_path/apriltag_ros
[0.095s] -- Up-to-date: /home/victus/apriltag_ws/install/apriltag_ros/share/apriltag_ros/environment/ament_prefix_path.sh
[0.095s] -- Up-to-date: /home/victus/apriltag_ws/install/apriltag_ros/share/apriltag_ros/environment/ament_prefix_path.dsv
[0.095s] -- Up-to-date: /home/victus/apriltag_ws/install/apriltag_ros/share/apriltag_ros/environment/path.sh
[0.095s] -- Up-to-date: /home/victus/apriltag_ws/install/apriltag_ros/share/apriltag_ros/environment/path.dsv
[0.095s] -- Up-to-date: /home/victus/apriltag_ws/install/apriltag_ros/share/apriltag_ros/local_setup.bash
[0.095s] -- Up-to-date: /home/victus/apriltag_ws/install/apriltag_ros/share/apriltag_ros/local_setup.sh
[0.095s] -- Up-to-date: /home/victus/apriltag_ws/install/apriltag_ros/share/apriltag_ros/local_setup.zsh
[0.096s] -- Up-to-date: /home/victus/apriltag_ws/install/apriltag_ros/share/apriltag_ros/local_setup.dsv
[0.096s] -- Installing: /home/victus/apriltag_ws/install/apriltag_ros/share/apriltag_ros/package.dsv
[0.096s] -- Up-to-date: /home/victus/apriltag_ws/install/apriltag_ros/share/ament_index/resource_index/packages/apriltag_ros
[0.096s] -- Up-to-date: /home/victus/apriltag_ws/install/apriltag_ros/share/ament_index/resource_index/rclcpp_components/apriltag_ros
[0.096s] -- Up-to-date: /home/victus/apriltag_ws/install/apriltag_ros/share/apriltag_ros/cmake/ament_cmake_export_dependencies-extras.cmake
[0.096s] -- Up-to-date: /home/victus/apriltag_ws/install/apriltag_ros/share/apriltag_ros/cmake/apriltag_rosConfig.cmake
[0.096s] -- Up-to-date: /home/victus/apriltag_ws/install/apriltag_ros/share/apriltag_ros/cmake/apriltag_rosConfig-version.cmake
[0.096s] -- Up-to-date: /home/victus/apriltag_ws/install/apriltag_ros/share/apriltag_ros/package.xml
[0.097s] Invoked command in '/home/victus/apriltag_ws/build/apriltag_ros' returned '0': AMENT_PREFIX_PATH=/home/victus/apriltag_ws/install/apriltag_msgs:${AMENT_PREFIX_PATH} CMAKE_PREFIX_PATH=/home/victus/apriltag_ws/install/apriltag_msgs:/opt/ros/jazzy/opt/gz_sim_vendor:/opt/ros/jazzy/opt/gz_sensors_vendor:/opt/ros/jazzy/opt/gz_physics_vendor:/opt/ros/jazzy/opt/sdformat_vendor:/opt/ros/jazzy/opt/gz_gui_vendor:/opt/ros/jazzy/opt/gz_transport_vendor:/opt/ros/jazzy/opt/gz_rendering_vendor:/opt/ros/jazzy/opt/gz_plugin_vendor:/opt/ros/jazzy/opt/gz_fuel_tools_vendor:/opt/ros/jazzy/opt/gz_msgs_vendor:/opt/ros/jazzy/opt/gz_common_vendor:/opt/ros/jazzy/opt/gz_math_vendor:/opt/ros/jazzy/opt/gz_utils_vendor:/opt/ros/jazzy/opt/gz_tools_vendor:/opt/ros/jazzy/opt/gz_ogre_next_vendor:/opt/ros/jazzy/opt/gz_dartsim_vendor:/opt/ros/jazzy/opt/gz_cmake_vendor:/opt/ros/jazzy LD_LIBRARY_PATH=/home/victus/apriltag_ws/install/apriltag_msgs/lib:${LD_LIBRARY_PATH} PYTHONPATH=/home/victus/apriltag_ws/install/apriltag_msgs/lib/python3.12/site-packages:${PYTHONPATH} /usr/bin/cmake --install /home/victus/apriltag_ws/build/apriltag_ros
