[1.553s] Invoking command in '/home/victus/apriltag_ws/src/apriltag_navigation': AMENT_PREFIX_PATH=/home/victus/apriltag_ws/install/apriltag_ros:/home/victus/apriltag_ws/install/apriltag_msgs:${AMENT_PREFIX_PATH} CMAKE_PREFIX_PATH=/home/victus/apriltag_ws/install/apriltag_ros:/home/victus/apriltag_ws/install/apriltag_msgs:${CMAKE_PREFIX_PATH} LD_LIBRARY_PATH=/home/victus/apriltag_ws/install/apriltag_ros/lib:/home/victus/apriltag_ws/install/apriltag_msgs/lib:${LD_LIBRARY_PATH} PATH=/home/victus/apriltag_ws/install/apriltag_ros/bin:${PATH} PYTHONPATH=/home/victus/apriltag_ws/build/apriltag_navigation/prefix_override:/usr/lib/python3/dist-packages/colcon_core/task/python/colcon_distutils_commands:/home/victus/apriltag_ws/install/apriltag_navigation/lib/python3.12/site-packages:/home/victus/apriltag_ws/install/apriltag_msgs/lib/python3.12/site-packages:${PYTHONPATH} /usr/bin/python3 -W ignore:setup.py install is deprecated -W ignore:easy_install command is deprecated setup.py egg_info --egg-base ../../build/apriltag_navigation build --build-base /home/victus/apriltag_ws/build/apriltag_navigation/build install --record /home/victus/apriltag_ws/build/apriltag_navigation/install.log --single-version-externally-managed install_data
[1.994s] running egg_info
[2.029s] writing ../../build/apriltag_navigation/apriltag_navigation.egg-info/PKG-INFO
[2.037s] writing dependency_links to ../../build/apriltag_navigation/apriltag_navigation.egg-info/dependency_links.txt
[2.037s] writing entry points to ../../build/apriltag_navigation/apriltag_navigation.egg-info/entry_points.txt
[2.038s] writing requirements to ../../build/apriltag_navigation/apriltag_navigation.egg-info/requires.txt
[2.038s] writing top-level names to ../../build/apriltag_navigation/apriltag_navigation.egg-info/top_level.txt
[2.106s] reading manifest file '../../build/apriltag_navigation/apriltag_navigation.egg-info/SOURCES.txt'
[2.108s] writing manifest file '../../build/apriltag_navigation/apriltag_navigation.egg-info/SOURCES.txt'
[2.108s] running build
[2.108s] running build_py
[2.109s] running install
[2.118s] running install_lib
[2.155s] running install_data
[2.156s] running install_egg_info
[2.191s] removing '/home/victus/apriltag_ws/install/apriltag_navigation/lib/python3.12/site-packages/apriltag_navigation-0.0.0-py3.12.egg-info' (and everything under it)
[2.192s] Copying ../../build/apriltag_navigation/apriltag_navigation.egg-info to /home/victus/apriltag_ws/install/apriltag_navigation/lib/python3.12/site-packages/apriltag_navigation-0.0.0-py3.12.egg-info
[2.194s] running install_scripts
[2.428s] Installing apriltag_navigator script to /home/victus/apriltag_ws/install/apriltag_navigation/lib/apriltag_navigation
[2.436s] writing list of installed files to '/home/victus/apriltag_ws/build/apriltag_navigation/install.log'
[2.469s] Invoked command in '/home/victus/apriltag_ws/src/apriltag_navigation' returned '0': AMENT_PREFIX_PATH=/home/victus/apriltag_ws/install/apriltag_ros:/home/victus/apriltag_ws/install/apriltag_msgs:${AMENT_PREFIX_PATH} CMAKE_PREFIX_PATH=/home/victus/apriltag_ws/install/apriltag_ros:/home/victus/apriltag_ws/install/apriltag_msgs:${CMAKE_PREFIX_PATH} LD_LIBRARY_PATH=/home/victus/apriltag_ws/install/apriltag_ros/lib:/home/victus/apriltag_ws/install/apriltag_msgs/lib:${LD_LIBRARY_PATH} PATH=/home/victus/apriltag_ws/install/apriltag_ros/bin:${PATH} PYTHONPATH=/home/victus/apriltag_ws/build/apriltag_navigation/prefix_override:/usr/lib/python3/dist-packages/colcon_core/task/python/colcon_distutils_commands:/home/victus/apriltag_ws/install/apriltag_navigation/lib/python3.12/site-packages:/home/victus/apriltag_ws/install/apriltag_msgs/lib/python3.12/site-packages:${PYTHONPATH} /usr/bin/python3 -W ignore:setup.py install is deprecated -W ignore:easy_install command is deprecated setup.py egg_info --egg-base ../../build/apriltag_navigation build --build-base /home/victus/apriltag_ws/build/apriltag_navigation/build install --record /home/victus/apriltag_ws/build/apriltag_navigation/install.log --single-version-externally-managed install_data
