[0.698s] Invoking command in '/home/victus/apriltag_ws/src/apriltag_navigation': CMAKE_PREFIX_PATH=/home/victus/apriltag_ws/install/apriltag_msgs:/home/victus/apriltag_ws/install/apriltag_ros:/opt/ros/jazzy/opt/gz_sim_vendor:/opt/ros/jazzy/opt/gz_sensors_vendor:/opt/ros/jazzy/opt/gz_physics_vendor:/opt/ros/jazzy/opt/sdformat_vendor:/opt/ros/jazzy/opt/gz_gui_vendor:/opt/ros/jazzy/opt/gz_transport_vendor:/opt/ros/jazzy/opt/gz_rendering_vendor:/opt/ros/jazzy/opt/gz_plugin_vendor:/opt/ros/jazzy/opt/gz_fuel_tools_vendor:/opt/ros/jazzy/opt/gz_msgs_vendor:/opt/ros/jazzy/opt/gz_common_vendor:/opt/ros/jazzy/opt/gz_math_vendor:/opt/ros/jazzy/opt/gz_utils_vendor:/opt/ros/jazzy/opt/gz_tools_vendor:/opt/ros/jazzy/opt/gz_ogre_next_vendor:/opt/ros/jazzy/opt/gz_dartsim_vendor:/opt/ros/jazzy/opt/gz_cmake_vendor LD_LIBRARY_PATH=/home/victus/apriltag_ws/install/apriltag_msgs/lib:/home/victus/apriltag_ws/install/apriltag_ros/lib:/opt/ros/jazzy/opt/gz_sim_vendor/lib:/opt/ros/jazzy/opt/gz_sensors_vendor/lib:/opt/ros/jazzy/opt/gz_physics_vendor/lib:/opt/ros/jazzy/opt/sdformat_vendor/lib:/opt/ros/jazzy/opt/rviz_ogre_vendor/lib:/opt/ros/jazzy/lib/x86_64-linux-gnu:/opt/ros/jazzy/opt/gz_gui_vendor/lib:/opt/ros/jazzy/opt/gz_transport_vendor/lib:/opt/ros/jazzy/opt/gz_rendering_vendor/lib:/opt/ros/jazzy/opt/gz_plugin_vendor/lib:/opt/ros/jazzy/opt/gz_fuel_tools_vendor/lib:/opt/ros/jazzy/opt/gz_msgs_vendor/lib:/opt/ros/jazzy/opt/gz_common_vendor/lib:/opt/ros/jazzy/opt/gz_math_vendor/lib:/opt/ros/jazzy/opt/gz_utils_vendor/lib:/opt/ros/jazzy/opt/gz_tools_vendor/lib:/opt/ros/jazzy/opt/gz_ogre_next_vendor/lib:/opt/ros/jazzy/opt/gz_dartsim_vendor/lib:/opt/ros/jazzy/opt/gz_cmake_vendor/lib:/opt/ros/jazzy/lib PYTHONPATH=/home/victus/apriltag_ws/build/apriltag_navigation/prefix_override:/usr/lib/python3/dist-packages/colcon_core/task/python/colcon_distutils_commands:/home/victus/apriltag_ws/install/apriltag_navigation/lib/python3.12/site-packages:/home/victus/apriltag_ws/install/apriltag_msgs/lib/python3.12/site-packages:/home/victus/apriltag_ws/install/apriltag_navigation/lib/python3.12/site-packages:/opt/ros/jazzy/lib/python3.12/site-packages /usr/bin/python3 -W ignore:setup.py install is deprecated -W ignore:easy_install command is deprecated setup.py egg_info --egg-base ../../build/apriltag_navigation build --build-base /home/victus/apriltag_ws/build/apriltag_navigation/build install --record /home/victus/apriltag_ws/build/apriltag_navigation/install.log --single-version-externally-managed install_data
[0.930s] running egg_info
[0.947s] writing ../../build/apriltag_navigation/apriltag_navigation.egg-info/PKG-INFO
[0.947s] writing dependency_links to ../../build/apriltag_navigation/apriltag_navigation.egg-info/dependency_links.txt
[0.948s] writing entry points to ../../build/apriltag_navigation/apriltag_navigation.egg-info/entry_points.txt
[0.948s] writing requirements to ../../build/apriltag_navigation/apriltag_navigation.egg-info/requires.txt
[0.948s] writing top-level names to ../../build/apriltag_navigation/apriltag_navigation.egg-info/top_level.txt
[0.984s] reading manifest file '../../build/apriltag_navigation/apriltag_navigation.egg-info/SOURCES.txt'
[0.984s] writing manifest file '../../build/apriltag_navigation/apriltag_navigation.egg-info/SOURCES.txt'
[0.985s] running build
[0.985s] running build_py
[0.985s] copying apriltag_navigation/apriltag_navigator.py -> /home/victus/apriltag_ws/build/apriltag_navigation/build/lib/apriltag_navigation
[0.985s] running install
[0.989s] running install_lib
[1.008s] copying /home/victus/apriltag_ws/build/apriltag_navigation/build/lib/apriltag_navigation/apriltag_navigator.py -> /home/victus/apriltag_ws/install/apriltag_navigation/lib/python3.12/site-packages/apriltag_navigation
[1.009s] byte-compiling /home/victus/apriltag_ws/install/apriltag_navigation/lib/python3.12/site-packages/apriltag_navigation/apriltag_navigator.py to apriltag_navigator.cpython-312.pyc
[1.010s] running install_data
[1.010s] running install_egg_info
[1.030s] removing '/home/victus/apriltag_ws/install/apriltag_navigation/lib/python3.12/site-packages/apriltag_navigation-0.0.0-py3.12.egg-info' (and everything under it)
[1.030s] Copying ../../build/apriltag_navigation/apriltag_navigation.egg-info to /home/victus/apriltag_ws/install/apriltag_navigation/lib/python3.12/site-packages/apriltag_navigation-0.0.0-py3.12.egg-info
[1.031s] running install_scripts
[1.153s] Installing apriltag_navigator script to /home/victus/apriltag_ws/install/apriltag_navigation/lib/apriltag_navigation
[1.153s] writing list of installed files to '/home/victus/apriltag_ws/build/apriltag_navigation/install.log'
[1.175s] Invoked command in '/home/victus/apriltag_ws/src/apriltag_navigation' returned '0': CMAKE_PREFIX_PATH=/home/victus/apriltag_ws/install/apriltag_msgs:/home/victus/apriltag_ws/install/apriltag_ros:/opt/ros/jazzy/opt/gz_sim_vendor:/opt/ros/jazzy/opt/gz_sensors_vendor:/opt/ros/jazzy/opt/gz_physics_vendor:/opt/ros/jazzy/opt/sdformat_vendor:/opt/ros/jazzy/opt/gz_gui_vendor:/opt/ros/jazzy/opt/gz_transport_vendor:/opt/ros/jazzy/opt/gz_rendering_vendor:/opt/ros/jazzy/opt/gz_plugin_vendor:/opt/ros/jazzy/opt/gz_fuel_tools_vendor:/opt/ros/jazzy/opt/gz_msgs_vendor:/opt/ros/jazzy/opt/gz_common_vendor:/opt/ros/jazzy/opt/gz_math_vendor:/opt/ros/jazzy/opt/gz_utils_vendor:/opt/ros/jazzy/opt/gz_tools_vendor:/opt/ros/jazzy/opt/gz_ogre_next_vendor:/opt/ros/jazzy/opt/gz_dartsim_vendor:/opt/ros/jazzy/opt/gz_cmake_vendor LD_LIBRARY_PATH=/home/victus/apriltag_ws/install/apriltag_msgs/lib:/home/victus/apriltag_ws/install/apriltag_ros/lib:/opt/ros/jazzy/opt/gz_sim_vendor/lib:/opt/ros/jazzy/opt/gz_sensors_vendor/lib:/opt/ros/jazzy/opt/gz_physics_vendor/lib:/opt/ros/jazzy/opt/sdformat_vendor/lib:/opt/ros/jazzy/opt/rviz_ogre_vendor/lib:/opt/ros/jazzy/lib/x86_64-linux-gnu:/opt/ros/jazzy/opt/gz_gui_vendor/lib:/opt/ros/jazzy/opt/gz_transport_vendor/lib:/opt/ros/jazzy/opt/gz_rendering_vendor/lib:/opt/ros/jazzy/opt/gz_plugin_vendor/lib:/opt/ros/jazzy/opt/gz_fuel_tools_vendor/lib:/opt/ros/jazzy/opt/gz_msgs_vendor/lib:/opt/ros/jazzy/opt/gz_common_vendor/lib:/opt/ros/jazzy/opt/gz_math_vendor/lib:/opt/ros/jazzy/opt/gz_utils_vendor/lib:/opt/ros/jazzy/opt/gz_tools_vendor/lib:/opt/ros/jazzy/opt/gz_ogre_next_vendor/lib:/opt/ros/jazzy/opt/gz_dartsim_vendor/lib:/opt/ros/jazzy/opt/gz_cmake_vendor/lib:/opt/ros/jazzy/lib PYTHONPATH=/home/victus/apriltag_ws/build/apriltag_navigation/prefix_override:/usr/lib/python3/dist-packages/colcon_core/task/python/colcon_distutils_commands:/home/victus/apriltag_ws/install/apriltag_navigation/lib/python3.12/site-packages:/home/victus/apriltag_ws/install/apriltag_msgs/lib/python3.12/site-packages:/home/victus/apriltag_ws/install/apriltag_navigation/lib/python3.12/site-packages:/opt/ros/jazzy/lib/python3.12/site-packages /usr/bin/python3 -W ignore:setup.py install is deprecated -W ignore:easy_install command is deprecated setup.py egg_info --egg-base ../../build/apriltag_navigation build --build-base /home/victus/apriltag_ws/build/apriltag_navigation/build install --record /home/victus/apriltag_ws/build/apriltag_navigation/install.log --single-version-externally-managed install_data
